{"C:\\Users\\ahmad\\Hacktiv8Projects\\3p\\finalProject\\healspace-server\\app.js": {"path":"C:\\Users\\ahmad\\Hacktiv8Projects\\3p\\finalProject\\healspace-server\\app.js","statementMap":{"0":{"start":{"line":1,"column":0},"end":{"line":1,"column":26}},"1":{"start":{"line":2,"column":16},"end":{"line":2,"column":34}},"2":{"start":{"line":3,"column":13},"end":{"line":3,"column":28}},"3":{"start":{"line":4,"column":22},"end":{"line":4,"column":60}},"4":{"start":{"line":5,"column":15},"end":{"line":5,"column":34}},"5":{"start":{"line":6,"column":12},"end":{"line":6,"column":21}},"6":{"start":{"line":8,"column":0},"end":{"line":8,"column":15}},"7":{"start":{"line":9,"column":0},"end":{"line":9,"column":23}},"8":{"start":{"line":10,"column":0},"end":{"line":10,"column":48}},"9":{"start":{"line":11,"column":0},"end":{"line":11,"column":15}},"10":{"start":{"line":12,"column":0},"end":{"line":12,"column":22}},"11":{"start":{"line":14,"column":0},"end":{"line":14,"column":20}}},"fnMap":{},"branchMap":{},"s":{"0":3,"1":3,"2":3,"3":3,"4":3,"5":3,"6":3,"7":3,"8":3,"9":3,"10":3,"11":3},"f":{},"b":{},"_coverageSchema":"1a1c01bbd47fc00a2c39e90264f33305004495a9","hash":"95b9bcd27de8e1465769fdf625f9a8bdacd69bd2"}
,"C:\\Users\\ahmad\\Hacktiv8Projects\\3p\\finalProject\\healspace-server\\config\\firebase.js": {"path":"C:\\Users\\ahmad\\Hacktiv8Projects\\3p\\finalProject\\healspace-server\\config\\firebase.js","statementMap":{"0":{"start":{"line":1,"column":14},"end":{"line":1,"column":39}},"1":{"start":{"line":3,"column":23},"end":{"line":3,"column":87}},"2":{"start":{"line":4,"column":0},"end":{"line":7,"column":3}},"3":{"start":{"line":9,"column":0},"end":{"line":9,"column":23}}},"fnMap":{},"branchMap":{},"s":{"0":3,"1":3,"2":3,"3":3},"f":{},"b":{},"_coverageSchema":"1a1c01bbd47fc00a2c39e90264f33305004495a9","hash":"7955b2fedb540d3cd1b77d17a608a7bab2db67a4"}
,"C:\\Users\\ahmad\\Hacktiv8Projects\\3p\\finalProject\\healspace-server\\config\\prisma.js": {"path":"C:\\Users\\ahmad\\Hacktiv8Projects\\3p\\finalProject\\healspace-server\\config\\prisma.js","statementMap":{"0":{"start":{"line":1,"column":25},"end":{"line":1,"column":50}},"1":{"start":{"line":2,"column":15},"end":{"line":2,"column":33}},"2":{"start":{"line":3,"column":0},"end":{"line":3,"column":23}}},"fnMap":{},"branchMap":{},"s":{"0":3,"1":3,"2":3},"f":{},"b":{},"_coverageSchema":"1a1c01bbd47fc00a2c39e90264f33305004495a9","hash":"1a43bcb795372fadbcab3c8a8c8724ac01a1087b"}
,"C:\\Users\\ahmad\\Hacktiv8Projects\\3p\\finalProject\\healspace-server\\controllers\\hotel.js": {"path":"C:\\Users\\ahmad\\Hacktiv8Projects\\3p\\finalProject\\healspace-server\\controllers\\hotel.js","statementMap":{"0":{"start":{"line":1,"column":14},"end":{"line":1,"column":40}},"1":{"start":{"line":6,"column":8},"end":{"line":50,"column":9}},"2":{"start":{"line":7,"column":125},"end":{"line":7,"column":133}},"3":{"start":{"line":9,"column":12},"end":{"line":9,"column":55}},"4":{"start":{"line":9,"column":23},"end":{"line":9,"column":55}},"5":{"start":{"line":10,"column":12},"end":{"line":10,"column":69}},"6":{"start":{"line":10,"column":30},"end":{"line":10,"column":69}},"7":{"start":{"line":11,"column":12},"end":{"line":11,"column":69}},"8":{"start":{"line":11,"column":30},"end":{"line":11,"column":69}},"9":{"start":{"line":12,"column":12},"end":{"line":12,"column":65}},"10":{"start":{"line":12,"column":28},"end":{"line":12,"column":65}},"11":{"start":{"line":13,"column":12},"end":{"line":13,"column":63}},"12":{"start":{"line":13,"column":27},"end":{"line":13,"column":63}},"13":{"start":{"line":14,"column":12},"end":{"line":14,"column":53}},"14":{"start":{"line":14,"column":22},"end":{"line":14,"column":53}},"15":{"start":{"line":15,"column":12},"end":{"line":15,"column":55}},"16":{"start":{"line":15,"column":23},"end":{"line":15,"column":55}},"17":{"start":{"line":17,"column":36},"end":{"line":22,"column":14}},"18":{"start":{"line":18,"column":16},"end":{"line":20,"column":17}},"19":{"start":{"line":21,"column":16},"end":{"line":21,"column":25}},"20":{"start":{"line":24,"column":12},"end":{"line":37,"column":14}},"21":{"start":{"line":42,"column":12},"end":{"line":47,"column":14}},"22":{"start":{"line":49,"column":12},"end":{"line":49,"column":21}},"23":{"start":{"line":54,"column":8},"end":{"line":63,"column":9}},"24":{"start":{"line":55,"column":25},"end":{"line":55,"column":55}},"25":{"start":{"line":57,"column":12},"end":{"line":60,"column":14}},"26":{"start":{"line":62,"column":12},"end":{"line":62,"column":21}},"27":{"start":{"line":67,"column":8},"end":{"line":90,"column":9}},"28":{"start":{"line":68,"column":35},"end":{"line":68,"column":43}},"29":{"start":{"line":70,"column":12},"end":{"line":70,"column":58}},"30":{"start":{"line":70,"column":23},"end":{"line":70,"column":58}},"31":{"start":{"line":71,"column":12},"end":{"line":71,"column":58}},"32":{"start":{"line":71,"column":23},"end":{"line":71,"column":58}},"33":{"start":{"line":73,"column":12},"end":{"line":77,"column":14}},"34":{"start":{"line":82,"column":12},"end":{"line":87,"column":14}},"35":{"start":{"line":89,"column":12},"end":{"line":89,"column":21}},"36":{"start":{"line":94,"column":8},"end":{"line":129,"column":9}},"37":{"start":{"line":103,"column":25},"end":{"line":119,"column":14}},"38":{"start":{"line":123,"column":12},"end":{"line":126,"column":14}},"39":{"start":{"line":128,"column":12},"end":{"line":128,"column":21}},"40":{"start":{"line":133,"column":8},"end":{"line":174,"column":9}},"41":{"start":{"line":134,"column":27},"end":{"line":134,"column":37}},"42":{"start":{"line":135,"column":35},"end":{"line":135,"column":47}},"43":{"start":{"line":136,"column":25},"end":{"line":154,"column":14}},"44":{"start":{"line":156,"column":12},"end":{"line":156,"column":49}},"45":{"start":{"line":156,"column":23},"end":{"line":156,"column":49}},"46":{"start":{"line":158,"column":12},"end":{"line":161,"column":14}},"47":{"start":{"line":160,"column":16},"end":{"line":160,"column":25}},"48":{"start":{"line":163,"column":28},"end":{"line":166,"column":13}},"49":{"start":{"line":165,"column":57},"end":{"line":165,"column":77}},"50":{"start":{"line":168,"column":12},"end":{"line":171,"column":14}},"51":{"start":{"line":173,"column":12},"end":{"line":173,"column":21}},"52":{"start":{"line":178,"column":8},"end":{"line":208,"column":9}},"53":{"start":{"line":179,"column":27},"end":{"line":179,"column":37}},"54":{"start":{"line":180,"column":31},"end":{"line":180,"column":39}},"55":{"start":{"line":182,"column":12},"end":{"line":182,"column":59}},"56":{"start":{"line":182,"column":25},"end":{"line":182,"column":59}},"57":{"start":{"line":184,"column":30},"end":{"line":186,"column":14}},"58":{"start":{"line":188,"column":12},"end":{"line":188,"column":54}},"59":{"start":{"line":188,"column":28},"end":{"line":188,"column":54}},"60":{"start":{"line":190,"column":12},"end":{"line":195,"column":14}},"61":{"start":{"line":200,"column":12},"end":{"line":205,"column":14}},"62":{"start":{"line":207,"column":12},"end":{"line":207,"column":21}},"63":{"start":{"line":212,"column":0},"end":{"line":212,"column":32}}},"fnMap":{"0":{"name":"(anonymous_0)","decl":{"start":{"line":5,"column":4},"end":{"line":5,"column":5}},"loc":{"start":{"line":5,"column":40},"end":{"line":51,"column":5}},"line":5},"1":{"name":"(anonymous_1)","decl":{"start":{"line":17,"column":51},"end":{"line":17,"column":52}},"loc":{"start":{"line":17,"column":57},"end":{"line":22,"column":13}},"line":17},"2":{"name":"(anonymous_2)","decl":{"start":{"line":53,"column":4},"end":{"line":53,"column":5}},"loc":{"start":{"line":53,"column":48},"end":{"line":64,"column":5}},"line":53},"3":{"name":"(anonymous_3)","decl":{"start":{"line":66,"column":4},"end":{"line":66,"column":5}},"loc":{"start":{"line":66,"column":45},"end":{"line":91,"column":5}},"line":66},"4":{"name":"(anonymous_4)","decl":{"start":{"line":93,"column":4},"end":{"line":93,"column":5}},"loc":{"start":{"line":93,"column":41},"end":{"line":130,"column":5}},"line":93},"5":{"name":"(anonymous_5)","decl":{"start":{"line":132,"column":4},"end":{"line":132,"column":5}},"loc":{"start":{"line":132,"column":41},"end":{"line":175,"column":5}},"line":132},"6":{"name":"(anonymous_6)","decl":{"start":{"line":158,"column":32},"end":{"line":158,"column":33}},"loc":{"start":{"line":158,"column":38},"end":{"line":161,"column":13}},"line":158},"7":{"name":"(anonymous_7)","decl":{"start":{"line":165,"column":51},"end":{"line":165,"column":52}},"loc":{"start":{"line":165,"column":57},"end":{"line":165,"column":77}},"line":165},"8":{"name":"(anonymous_8)","decl":{"start":{"line":177,"column":4},"end":{"line":177,"column":5}},"loc":{"start":{"line":177,"column":46},"end":{"line":209,"column":5}},"line":177}},"branchMap":{"0":{"loc":{"start":{"line":9,"column":12},"end":{"line":9,"column":55}},"type":"if","locations":[{"start":{"line":9,"column":12},"end":{"line":9,"column":55}},{"start":{},"end":{}}],"line":9},"1":{"loc":{"start":{"line":10,"column":12},"end":{"line":10,"column":69}},"type":"if","locations":[{"start":{"line":10,"column":12},"end":{"line":10,"column":69}},{"start":{},"end":{}}],"line":10},"2":{"loc":{"start":{"line":11,"column":12},"end":{"line":11,"column":69}},"type":"if","locations":[{"start":{"line":11,"column":12},"end":{"line":11,"column":69}},{"start":{},"end":{}}],"line":11},"3":{"loc":{"start":{"line":12,"column":12},"end":{"line":12,"column":65}},"type":"if","locations":[{"start":{"line":12,"column":12},"end":{"line":12,"column":65}},{"start":{},"end":{}}],"line":12},"4":{"loc":{"start":{"line":13,"column":12},"end":{"line":13,"column":63}},"type":"if","locations":[{"start":{"line":13,"column":12},"end":{"line":13,"column":63}},{"start":{},"end":{}}],"line":13},"5":{"loc":{"start":{"line":14,"column":12},"end":{"line":14,"column":53}},"type":"if","locations":[{"start":{"line":14,"column":12},"end":{"line":14,"column":53}},{"start":{},"end":{}}],"line":14},"6":{"loc":{"start":{"line":15,"column":12},"end":{"line":15,"column":55}},"type":"if","locations":[{"start":{"line":15,"column":12},"end":{"line":15,"column":55}},{"start":{},"end":{}}],"line":15},"7":{"loc":{"start":{"line":70,"column":12},"end":{"line":70,"column":58}},"type":"if","locations":[{"start":{"line":70,"column":12},"end":{"line":70,"column":58}},{"start":{},"end":{}}],"line":70},"8":{"loc":{"start":{"line":71,"column":12},"end":{"line":71,"column":58}},"type":"if","locations":[{"start":{"line":71,"column":12},"end":{"line":71,"column":58}},{"start":{},"end":{}}],"line":71},"9":{"loc":{"start":{"line":156,"column":12},"end":{"line":156,"column":49}},"type":"if","locations":[{"start":{"line":156,"column":12},"end":{"line":156,"column":49}},{"start":{},"end":{}}],"line":156},"10":{"loc":{"start":{"line":182,"column":12},"end":{"line":182,"column":59}},"type":"if","locations":[{"start":{"line":182,"column":12},"end":{"line":182,"column":59}},{"start":{},"end":{}}],"line":182},"11":{"loc":{"start":{"line":188,"column":12},"end":{"line":188,"column":54}},"type":"if","locations":[{"start":{"line":188,"column":12},"end":{"line":188,"column":54}},{"start":{},"end":{}}],"line":188}},"s":{"0":3,"1":10,"2":10,"3":10,"4":1,"5":9,"6":1,"7":8,"8":1,"9":7,"10":1,"11":6,"12":1,"13":5,"14":1,"15":4,"16":1,"17":3,"18":2,"19":2,"20":3,"21":3,"22":7,"23":1,"24":1,"25":1,"26":0,"27":3,"28":3,"29":3,"30":1,"31":2,"32":1,"33":1,"34":1,"35":2,"36":3,"37":3,"38":3,"39":0,"40":2,"41":2,"42":2,"43":2,"44":2,"45":1,"46":1,"47":0,"48":1,"49":0,"50":1,"51":1,"52":3,"53":3,"54":3,"55":3,"56":1,"57":2,"58":2,"59":1,"60":1,"61":1,"62":2,"63":3},"f":{"0":10,"1":2,"2":1,"3":3,"4":3,"5":2,"6":0,"7":0,"8":3},"b":{"0":[1,9],"1":[1,8],"2":[1,7],"3":[1,6],"4":[1,5],"5":[1,4],"6":[1,3],"7":[1,2],"8":[1,1],"9":[1,1],"10":[1,2],"11":[1,1]},"_coverageSchema":"1a1c01bbd47fc00a2c39e90264f33305004495a9","hash":"27c888a32d23241aa6a25c2725000d5b69808cb2"}
,"C:\\Users\\ahmad\\Hacktiv8Projects\\3p\\finalProject\\healspace-server\\controllers\\order.js": {"path":"C:\\Users\\ahmad\\Hacktiv8Projects\\3p\\finalProject\\healspace-server\\controllers\\order.js","statementMap":{"0":{"start":{"line":1,"column":14},"end":{"line":1,"column":40}},"1":{"start":{"line":2,"column":14},"end":{"line":2,"column":43}},"2":{"start":{"line":3,"column":25},"end":{"line":3,"column":59}},"3":{"start":{"line":4,"column":26},"end":{"line":4,"column":61}},"4":{"start":{"line":5,"column":14},"end":{"line":5,"column":30}},"5":{"start":{"line":6,"column":17},"end":{"line":6,"column":51}},"6":{"start":{"line":7,"column":19},"end":{"line":7,"column":40}},"7":{"start":{"line":8,"column":16},"end":{"line":8,"column":34}},"8":{"start":{"line":9,"column":15},"end":{"line":9,"column":143}},"9":{"start":{"line":14,"column":8},"end":{"line":118,"column":9}},"10":{"start":{"line":15,"column":42},"end":{"line":15,"column":54}},"11":{"start":{"line":17,"column":121},"end":{"line":17,"column":129}},"12":{"start":{"line":19,"column":12},"end":{"line":19,"column":69}},"13":{"start":{"line":19,"column":30},"end":{"line":19,"column":69}},"14":{"start":{"line":20,"column":12},"end":{"line":20,"column":67}},"15":{"start":{"line":20,"column":29},"end":{"line":20,"column":67}},"16":{"start":{"line":21,"column":12},"end":{"line":21,"column":65}},"17":{"start":{"line":21,"column":28},"end":{"line":21,"column":65}},"18":{"start":{"line":22,"column":12},"end":{"line":22,"column":67}},"19":{"start":{"line":22,"column":29},"end":{"line":22,"column":67}},"20":{"start":{"line":23,"column":12},"end":{"line":23,"column":71}},"21":{"start":{"line":23,"column":31},"end":{"line":23,"column":71}},"22":{"start":{"line":24,"column":12},"end":{"line":24,"column":73}},"23":{"start":{"line":24,"column":32},"end":{"line":24,"column":73}},"24":{"start":{"line":25,"column":12},"end":{"line":25,"column":85}},"25":{"start":{"line":25,"column":38},"end":{"line":25,"column":85}},"26":{"start":{"line":27,"column":34},"end":{"line":31,"column":14}},"27":{"start":{"line":33,"column":29},"end":{"line":51,"column":14}},"28":{"start":{"line":53,"column":12},"end":{"line":53,"column":96}},"29":{"start":{"line":55,"column":25},"end":{"line":61,"column":13}},"30":{"start":{"line":63,"column":30},"end":{"line":63,"column":64}},"31":{"start":{"line":65,"column":32},"end":{"line":71,"column":14}},"32":{"start":{"line":73,"column":30},"end":{"line":78,"column":14}},"33":{"start":{"line":80,"column":27},"end":{"line":95,"column":13}},"34":{"start":{"line":97,"column":23},"end":{"line":97,"column":55}},"35":{"start":{"line":99,"column":26},"end":{"line":104,"column":13}},"36":{"start":{"line":106,"column":12},"end":{"line":106,"column":47}},"37":{"start":{"line":108,"column":12},"end":{"line":114,"column":14}},"38":{"start":{"line":116,"column":12},"end":{"line":116,"column":72}},"39":{"start":{"line":117,"column":12},"end":{"line":117,"column":21}},"40":{"start":{"line":122,"column":8},"end":{"line":135,"column":9}},"41":{"start":{"line":123,"column":35},"end":{"line":129,"column":13}},"42":{"start":{"line":130,"column":12},"end":{"line":130,"column":70}},"43":{"start":{"line":131,"column":29},"end":{"line":131,"column":73}},"44":{"start":{"line":132,"column":12},"end":{"line":132,"column":27}},"45":{"start":{"line":134,"column":12},"end":{"line":134,"column":21}},"46":{"start":{"line":139,"column":8},"end":{"line":162,"column":9}},"47":{"start":{"line":140,"column":35},"end":{"line":140,"column":47}},"48":{"start":{"line":141,"column":25},"end":{"line":154,"column":14}},"49":{"start":{"line":156,"column":12},"end":{"line":159,"column":14}},"50":{"start":{"line":161,"column":12},"end":{"line":161,"column":21}},"51":{"start":{"line":166,"column":8},"end":{"line":184,"column":9}},"52":{"start":{"line":167,"column":27},"end":{"line":167,"column":37}},"53":{"start":{"line":168,"column":35},"end":{"line":168,"column":47}},"54":{"start":{"line":169,"column":25},"end":{"line":174,"column":14}},"55":{"start":{"line":176,"column":12},"end":{"line":176,"column":49}},"56":{"start":{"line":176,"column":23},"end":{"line":176,"column":49}},"57":{"start":{"line":178,"column":12},"end":{"line":181,"column":14}},"58":{"start":{"line":183,"column":12},"end":{"line":183,"column":21}},"59":{"start":{"line":188,"column":8},"end":{"line":218,"column":9}},"60":{"start":{"line":189,"column":27},"end":{"line":189,"column":37}},"61":{"start":{"line":190,"column":35},"end":{"line":190,"column":47}},"62":{"start":{"line":191,"column":31},"end":{"line":191,"column":39}},"63":{"start":{"line":193,"column":12},"end":{"line":193,"column":65}},"64":{"start":{"line":193,"column":25},"end":{"line":193,"column":65}},"65":{"start":{"line":195,"column":30},"end":{"line":200,"column":14}},"66":{"start":{"line":202,"column":12},"end":{"line":202,"column":54}},"67":{"start":{"line":202,"column":28},"end":{"line":202,"column":54}},"68":{"start":{"line":204,"column":12},"end":{"line":209,"column":14}},"69":{"start":{"line":210,"column":12},"end":{"line":215,"column":14}},"70":{"start":{"line":217,"column":12},"end":{"line":217,"column":21}},"71":{"start":{"line":222,"column":0},"end":{"line":222,"column":32}}},"fnMap":{"0":{"name":"(anonymous_0)","decl":{"start":{"line":13,"column":4},"end":{"line":13,"column":5}},"loc":{"start":{"line":13,"column":51},"end":{"line":119,"column":5}},"line":13},"1":{"name":"(anonymous_1)","decl":{"start":{"line":121,"column":4},"end":{"line":121,"column":5}},"loc":{"start":{"line":121,"column":54},"end":{"line":136,"column":5}},"line":121},"2":{"name":"(anonymous_2)","decl":{"start":{"line":138,"column":4},"end":{"line":138,"column":5}},"loc":{"start":{"line":138,"column":41},"end":{"line":163,"column":5}},"line":138},"3":{"name":"(anonymous_3)","decl":{"start":{"line":165,"column":4},"end":{"line":165,"column":5}},"loc":{"start":{"line":165,"column":41},"end":{"line":185,"column":5}},"line":165},"4":{"name":"(anonymous_4)","decl":{"start":{"line":187,"column":4},"end":{"line":187,"column":5}},"loc":{"start":{"line":187,"column":46},"end":{"line":219,"column":5}},"line":187}},"branchMap":{"0":{"loc":{"start":{"line":3,"column":25},"end":{"line":3,"column":59}},"type":"binary-expr","locations":[{"start":{"line":3,"column":25},"end":{"line":3,"column":53}},{"start":{"line":3,"column":57},"end":{"line":3,"column":59}}],"line":3},"1":{"loc":{"start":{"line":4,"column":26},"end":{"line":4,"column":61}},"type":"binary-expr","locations":[{"start":{"line":4,"column":26},"end":{"line":4,"column":55}},{"start":{"line":4,"column":59},"end":{"line":4,"column":61}}],"line":4},"2":{"loc":{"start":{"line":19,"column":12},"end":{"line":19,"column":69}},"type":"if","locations":[{"start":{"line":19,"column":12},"end":{"line":19,"column":69}},{"start":{},"end":{}}],"line":19},"3":{"loc":{"start":{"line":20,"column":12},"end":{"line":20,"column":67}},"type":"if","locations":[{"start":{"line":20,"column":12},"end":{"line":20,"column":67}},{"start":{},"end":{}}],"line":20},"4":{"loc":{"start":{"line":21,"column":12},"end":{"line":21,"column":65}},"type":"if","locations":[{"start":{"line":21,"column":12},"end":{"line":21,"column":65}},{"start":{},"end":{}}],"line":21},"5":{"loc":{"start":{"line":22,"column":12},"end":{"line":22,"column":67}},"type":"if","locations":[{"start":{"line":22,"column":12},"end":{"line":22,"column":67}},{"start":{},"end":{}}],"line":22},"6":{"loc":{"start":{"line":23,"column":12},"end":{"line":23,"column":71}},"type":"if","locations":[{"start":{"line":23,"column":12},"end":{"line":23,"column":71}},{"start":{},"end":{}}],"line":23},"7":{"loc":{"start":{"line":24,"column":12},"end":{"line":24,"column":73}},"type":"if","locations":[{"start":{"line":24,"column":12},"end":{"line":24,"column":73}},{"start":{},"end":{}}],"line":24},"8":{"loc":{"start":{"line":25,"column":12},"end":{"line":25,"column":85}},"type":"if","locations":[{"start":{"line":25,"column":12},"end":{"line":25,"column":85}},{"start":{},"end":{}}],"line":25},"9":{"loc":{"start":{"line":58,"column":26},"end":{"line":58,"column":49}},"type":"binary-expr","locations":[{"start":{"line":58,"column":26},"end":{"line":58,"column":43}},{"start":{"line":58,"column":47},"end":{"line":58,"column":49}}],"line":58},"10":{"loc":{"start":{"line":59,"column":26},"end":{"line":59,"column":52}},"type":"binary-expr","locations":[{"start":{"line":59,"column":26},"end":{"line":59,"column":46}},{"start":{"line":59,"column":50},"end":{"line":59,"column":52}}],"line":59},"11":{"loc":{"start":{"line":176,"column":12},"end":{"line":176,"column":49}},"type":"if","locations":[{"start":{"line":176,"column":12},"end":{"line":176,"column":49}},{"start":{},"end":{}}],"line":176},"12":{"loc":{"start":{"line":193,"column":12},"end":{"line":193,"column":65}},"type":"if","locations":[{"start":{"line":193,"column":12},"end":{"line":193,"column":65}},{"start":{},"end":{}}],"line":193},"13":{"loc":{"start":{"line":202,"column":12},"end":{"line":202,"column":54}},"type":"if","locations":[{"start":{"line":202,"column":12},"end":{"line":202,"column":54}},{"start":{},"end":{}}],"line":202}},"s":{"0":3,"1":3,"2":3,"3":3,"4":3,"5":3,"6":3,"7":3,"8":3,"9":8,"10":8,"11":8,"12":8,"13":1,"14":7,"15":1,"16":6,"17":1,"18":5,"19":1,"20":4,"21":1,"22":3,"23":1,"24":2,"25":1,"26":1,"27":1,"28":1,"29":1,"30":1,"31":1,"32":1,"33":1,"34":1,"35":1,"36":1,"37":1,"38":7,"39":7,"40":1,"41":1,"42":1,"43":1,"44":1,"45":0,"46":1,"47":1,"48":1,"49":1,"50":0,"51":2,"52":2,"53":2,"54":2,"55":2,"56":1,"57":1,"58":1,"59":3,"60":3,"61":3,"62":3,"63":3,"64":1,"65":2,"66":2,"67":1,"68":1,"69":1,"70":2,"71":3},"f":{"0":8,"1":1,"2":1,"3":2,"4":3},"b":{"0":[3,0],"1":[3,0],"2":[1,7],"3":[1,6],"4":[1,5],"5":[1,4],"6":[1,3],"7":[1,2],"8":[1,1],"9":[1,0],"10":[1,0],"11":[1,1],"12":[1,2],"13":[1,1]},"_coverageSchema":"1a1c01bbd47fc00a2c39e90264f33305004495a9","hash":"b20de9cc5d00cad3a7f3005579a1a28d67acd603"}
,"C:\\Users\\ahmad\\Hacktiv8Projects\\3p\\finalProject\\healspace-server\\controllers\\user.js": {"path":"C:\\Users\\ahmad\\Hacktiv8Projects\\3p\\finalProject\\healspace-server\\controllers\\user.js","statementMap":{"0":{"start":{"line":1,"column":13},"end":{"line":1,"column":38}},"1":{"start":{"line":2,"column":15},"end":{"line":2,"column":32}},"2":{"start":{"line":3,"column":12},"end":{"line":3,"column":35}},"3":{"start":{"line":4,"column":23},"end":{"line":4,"column":69}},"4":{"start":{"line":8,"column":20},"end":{"line":8,"column":30}},"5":{"start":{"line":9,"column":22},"end":{"line":9,"column":43}},"6":{"start":{"line":10,"column":20},"end":{"line":10,"column":59}},"7":{"start":{"line":11,"column":8},"end":{"line":13,"column":9}},"8":{"start":{"line":12,"column":12},"end":{"line":12,"column":18}},"9":{"start":{"line":14,"column":8},"end":{"line":14,"column":19}},"10":{"start":{"line":18,"column":8},"end":{"line":20,"column":9}},"11":{"start":{"line":19,"column":51},"end":{"line":19,"column":70}},"12":{"start":{"line":24,"column":8},"end":{"line":44,"column":9}},"13":{"start":{"line":25,"column":27},"end":{"line":25,"column":39}},"14":{"start":{"line":26,"column":23},"end":{"line":30,"column":14}},"15":{"start":{"line":32,"column":12},"end":{"line":32,"column":49}},"16":{"start":{"line":32,"column":23},"end":{"line":32,"column":49}},"17":{"start":{"line":34,"column":12},"end":{"line":37,"column":13}},"18":{"start":{"line":38,"column":12},"end":{"line":41,"column":14}},"19":{"start":{"line":43,"column":12},"end":{"line":43,"column":21}},"20":{"start":{"line":48,"column":8},"end":{"line":65,"column":9}},"21":{"start":{"line":49,"column":35},"end":{"line":49,"column":47}},"22":{"start":{"line":50,"column":25},"end":{"line":57,"column":14}},"23":{"start":{"line":59,"column":12},"end":{"line":62,"column":14}},"24":{"start":{"line":64,"column":12},"end":{"line":64,"column":21}},"25":{"start":{"line":69,"column":8},"end":{"line":88,"column":9}},"26":{"start":{"line":70,"column":27},"end":{"line":70,"column":37}},"27":{"start":{"line":71,"column":25},"end":{"line":78,"column":14}},"28":{"start":{"line":80,"column":12},"end":{"line":80,"column":49}},"29":{"start":{"line":80,"column":23},"end":{"line":80,"column":49}},"30":{"start":{"line":82,"column":12},"end":{"line":85,"column":14}},"31":{"start":{"line":87,"column":12},"end":{"line":87,"column":21}},"32":{"start":{"line":92,"column":8},"end":{"line":120,"column":9}},"33":{"start":{"line":93,"column":35},"end":{"line":93,"column":47}},"34":{"start":{"line":94,"column":27},"end":{"line":94,"column":37}},"35":{"start":{"line":96,"column":33},"end":{"line":101,"column":14}},"36":{"start":{"line":103,"column":12},"end":{"line":103,"column":68}},"37":{"start":{"line":103,"column":30},"end":{"line":103,"column":68}},"38":{"start":{"line":105,"column":12},"end":{"line":110,"column":14}},"39":{"start":{"line":112,"column":12},"end":{"line":117,"column":14}},"40":{"start":{"line":119,"column":12},"end":{"line":119,"column":21}},"41":{"start":{"line":124,"column":8},"end":{"line":151,"column":9}},"42":{"start":{"line":125,"column":35},"end":{"line":125,"column":47}},"43":{"start":{"line":126,"column":27},"end":{"line":126,"column":37}},"44":{"start":{"line":128,"column":33},"end":{"line":133,"column":14}},"45":{"start":{"line":135,"column":12},"end":{"line":135,"column":57}},"46":{"start":{"line":135,"column":31},"end":{"line":135,"column":57}},"47":{"start":{"line":137,"column":12},"end":{"line":141,"column":14}},"48":{"start":{"line":143,"column":12},"end":{"line":148,"column":14}},"49":{"start":{"line":150,"column":12},"end":{"line":150,"column":21}},"50":{"start":{"line":155,"column":8},"end":{"line":182,"column":9}},"51":{"start":{"line":156,"column":40},"end":{"line":156,"column":48}},"52":{"start":{"line":158,"column":12},"end":{"line":158,"column":57}},"53":{"start":{"line":158,"column":24},"end":{"line":158,"column":57}},"54":{"start":{"line":159,"column":31},"end":{"line":159,"column":59}},"55":{"start":{"line":160,"column":12},"end":{"line":160,"column":76}},"56":{"start":{"line":160,"column":41},"end":{"line":160,"column":76}},"57":{"start":{"line":161,"column":12},"end":{"line":161,"column":63}},"58":{"start":{"line":161,"column":27},"end":{"line":161,"column":63}},"59":{"start":{"line":163,"column":27},"end":{"line":167,"column":14}},"60":{"start":{"line":169,"column":12},"end":{"line":169,"column":55}},"61":{"start":{"line":169,"column":27},"end":{"line":169,"column":55}},"62":{"start":{"line":170,"column":12},"end":{"line":170,"column":94}},"63":{"start":{"line":170,"column":66},"end":{"line":170,"column":94}},"64":{"start":{"line":171,"column":12},"end":{"line":174,"column":13}},"65":{"start":{"line":175,"column":12},"end":{"line":179,"column":14}},"66":{"start":{"line":181,"column":12},"end":{"line":181,"column":21}},"67":{"start":{"line":186,"column":8},"end":{"line":221,"column":9}},"68":{"start":{"line":187,"column":84},"end":{"line":187,"column":92}},"69":{"start":{"line":189,"column":12},"end":{"line":189,"column":60}},"70":{"start":{"line":189,"column":24},"end":{"line":189,"column":60}},"71":{"start":{"line":190,"column":31},"end":{"line":190,"column":59}},"72":{"start":{"line":191,"column":12},"end":{"line":191,"column":79}},"73":{"start":{"line":191,"column":41},"end":{"line":191,"column":79}},"74":{"start":{"line":192,"column":12},"end":{"line":192,"column":66}},"75":{"start":{"line":192,"column":27},"end":{"line":192,"column":66}},"76":{"start":{"line":193,"column":12},"end":{"line":193,"column":66}},"77":{"start":{"line":193,"column":27},"end":{"line":193,"column":66}},"78":{"start":{"line":194,"column":12},"end":{"line":194,"column":62}},"79":{"start":{"line":194,"column":25},"end":{"line":194,"column":62}},"80":{"start":{"line":195,"column":12},"end":{"line":195,"column":72}},"81":{"start":{"line":195,"column":30},"end":{"line":195,"column":72}},"82":{"start":{"line":196,"column":12},"end":{"line":196,"column":72}},"83":{"start":{"line":196,"column":30},"end":{"line":196,"column":72}},"84":{"start":{"line":198,"column":29},"end":{"line":202,"column":14}},"85":{"start":{"line":204,"column":12},"end":{"line":204,"column":63}},"86":{"start":{"line":204,"column":26},"end":{"line":204,"column":63}},"87":{"start":{"line":206,"column":25},"end":{"line":206,"column":47}},"88":{"start":{"line":207,"column":12},"end":{"line":211,"column":14}},"89":{"start":{"line":213,"column":12},"end":{"line":218,"column":14}},"90":{"start":{"line":220,"column":12},"end":{"line":220,"column":21}},"91":{"start":{"line":225,"column":8},"end":{"line":267,"column":9}},"92":{"start":{"line":226,"column":27},"end":{"line":226,"column":39}},"93":{"start":{"line":227,"column":84},"end":{"line":227,"column":92}},"94":{"start":{"line":229,"column":12},"end":{"line":229,"column":62}},"95":{"start":{"line":229,"column":24},"end":{"line":229,"column":62}},"96":{"start":{"line":230,"column":31},"end":{"line":230,"column":59}},"97":{"start":{"line":231,"column":12},"end":{"line":231,"column":81}},"98":{"start":{"line":231,"column":41},"end":{"line":231,"column":81}},"99":{"start":{"line":232,"column":12},"end":{"line":232,"column":68}},"100":{"start":{"line":232,"column":27},"end":{"line":232,"column":68}},"101":{"start":{"line":233,"column":12},"end":{"line":233,"column":68}},"102":{"start":{"line":233,"column":27},"end":{"line":233,"column":68}},"103":{"start":{"line":234,"column":12},"end":{"line":234,"column":64}},"104":{"start":{"line":234,"column":25},"end":{"line":234,"column":64}},"105":{"start":{"line":235,"column":12},"end":{"line":235,"column":74}},"106":{"start":{"line":235,"column":30},"end":{"line":235,"column":74}},"107":{"start":{"line":236,"column":12},"end":{"line":236,"column":74}},"108":{"start":{"line":236,"column":30},"end":{"line":236,"column":74}},"109":{"start":{"line":238,"column":34},"end":{"line":240,"column":14}},"110":{"start":{"line":242,"column":12},"end":{"line":242,"column":97}},"111":{"start":{"line":242,"column":58},"end":{"line":242,"column":97}},"112":{"start":{"line":244,"column":29},"end":{"line":248,"column":14}},"113":{"start":{"line":250,"column":12},"end":{"line":250,"column":53}},"114":{"start":{"line":250,"column":27},"end":{"line":250,"column":53}},"115":{"start":{"line":252,"column":12},"end":{"line":257,"column":14}},"116":{"start":{"line":259,"column":12},"end":{"line":264,"column":14}},"117":{"start":{"line":266,"column":12},"end":{"line":266,"column":21}},"118":{"start":{"line":271,"column":0},"end":{"line":271,"column":31}}},"fnMap":{"0":{"name":"(anonymous_0)","decl":{"start":{"line":7,"column":4},"end":{"line":7,"column":5}},"loc":{"start":{"line":7,"column":31},"end":{"line":15,"column":5}},"line":7},"1":{"name":"(anonymous_1)","decl":{"start":{"line":17,"column":4},"end":{"line":17,"column":5}},"loc":{"start":{"line":17,"column":31},"end":{"line":21,"column":5}},"line":17},"2":{"name":"(anonymous_2)","decl":{"start":{"line":19,"column":40},"end":{"line":19,"column":41}},"loc":{"start":{"line":19,"column":51},"end":{"line":19,"column":70}},"line":19},"3":{"name":"(anonymous_3)","decl":{"start":{"line":23,"column":4},"end":{"line":23,"column":5}},"loc":{"start":{"line":23,"column":41},"end":{"line":45,"column":5}},"line":23},"4":{"name":"(anonymous_4)","decl":{"start":{"line":47,"column":4},"end":{"line":47,"column":5}},"loc":{"start":{"line":47,"column":47},"end":{"line":66,"column":5}},"line":47},"5":{"name":"(anonymous_5)","decl":{"start":{"line":68,"column":4},"end":{"line":68,"column":5}},"loc":{"start":{"line":68,"column":46},"end":{"line":89,"column":5}},"line":68},"6":{"name":"(anonymous_6)","decl":{"start":{"line":91,"column":4},"end":{"line":91,"column":5}},"loc":{"start":{"line":91,"column":45},"end":{"line":121,"column":5}},"line":91},"7":{"name":"(anonymous_7)","decl":{"start":{"line":123,"column":4},"end":{"line":123,"column":5}},"loc":{"start":{"line":123,"column":48},"end":{"line":152,"column":5}},"line":123},"8":{"name":"(anonymous_8)","decl":{"start":{"line":154,"column":4},"end":{"line":154,"column":5}},"loc":{"start":{"line":154,"column":39},"end":{"line":183,"column":5}},"line":154},"9":{"name":"(anonymous_9)","decl":{"start":{"line":185,"column":4},"end":{"line":185,"column":5}},"loc":{"start":{"line":185,"column":42},"end":{"line":222,"column":5}},"line":185},"10":{"name":"(anonymous_10)","decl":{"start":{"line":224,"column":4},"end":{"line":224,"column":5}},"loc":{"start":{"line":224,"column":40},"end":{"line":268,"column":5}},"line":224}},"branchMap":{"0":{"loc":{"start":{"line":4,"column":23},"end":{"line":4,"column":69}},"type":"binary-expr","locations":[{"start":{"line":4,"column":23},"end":{"line":4,"column":49}},{"start":{"line":4,"column":53},"end":{"line":4,"column":69}}],"line":4},"1":{"loc":{"start":{"line":11,"column":8},"end":{"line":13,"column":9}},"type":"if","locations":[{"start":{"line":11,"column":8},"end":{"line":13,"column":9}},{"start":{},"end":{}}],"line":11},"2":{"loc":{"start":{"line":11,"column":12},"end":{"line":11,"column":121}},"type":"binary-expr","locations":[{"start":{"line":11,"column":12},"end":{"line":11,"column":45}},{"start":{"line":11,"column":50},"end":{"line":11,"column":85}},{"start":{"line":11,"column":89},"end":{"line":11,"column":120}}],"line":11},"3":{"loc":{"start":{"line":32,"column":12},"end":{"line":32,"column":49}},"type":"if","locations":[{"start":{"line":32,"column":12},"end":{"line":32,"column":49}},{"start":{},"end":{}}],"line":32},"4":{"loc":{"start":{"line":80,"column":12},"end":{"line":80,"column":49}},"type":"if","locations":[{"start":{"line":80,"column":12},"end":{"line":80,"column":49}},{"start":{},"end":{}}],"line":80},"5":{"loc":{"start":{"line":103,"column":12},"end":{"line":103,"column":68}},"type":"if","locations":[{"start":{"line":103,"column":12},"end":{"line":103,"column":68}},{"start":{},"end":{}}],"line":103},"6":{"loc":{"start":{"line":135,"column":12},"end":{"line":135,"column":57}},"type":"if","locations":[{"start":{"line":135,"column":12},"end":{"line":135,"column":57}},{"start":{},"end":{}}],"line":135},"7":{"loc":{"start":{"line":158,"column":12},"end":{"line":158,"column":57}},"type":"if","locations":[{"start":{"line":158,"column":12},"end":{"line":158,"column":57}},{"start":{},"end":{}}],"line":158},"8":{"loc":{"start":{"line":160,"column":12},"end":{"line":160,"column":76}},"type":"if","locations":[{"start":{"line":160,"column":12},"end":{"line":160,"column":76}},{"start":{},"end":{}}],"line":160},"9":{"loc":{"start":{"line":161,"column":12},"end":{"line":161,"column":63}},"type":"if","locations":[{"start":{"line":161,"column":12},"end":{"line":161,"column":63}},{"start":{},"end":{}}],"line":161},"10":{"loc":{"start":{"line":169,"column":12},"end":{"line":169,"column":55}},"type":"if","locations":[{"start":{"line":169,"column":12},"end":{"line":169,"column":55}},{"start":{},"end":{}}],"line":169},"11":{"loc":{"start":{"line":170,"column":12},"end":{"line":170,"column":94}},"type":"if","locations":[{"start":{"line":170,"column":12},"end":{"line":170,"column":94}},{"start":{},"end":{}}],"line":170},"12":{"loc":{"start":{"line":189,"column":12},"end":{"line":189,"column":60}},"type":"if","locations":[{"start":{"line":189,"column":12},"end":{"line":189,"column":60}},{"start":{},"end":{}}],"line":189},"13":{"loc":{"start":{"line":191,"column":12},"end":{"line":191,"column":79}},"type":"if","locations":[{"start":{"line":191,"column":12},"end":{"line":191,"column":79}},{"start":{},"end":{}}],"line":191},"14":{"loc":{"start":{"line":192,"column":12},"end":{"line":192,"column":66}},"type":"if","locations":[{"start":{"line":192,"column":12},"end":{"line":192,"column":66}},{"start":{},"end":{}}],"line":192},"15":{"loc":{"start":{"line":193,"column":12},"end":{"line":193,"column":66}},"type":"if","locations":[{"start":{"line":193,"column":12},"end":{"line":193,"column":66}},{"start":{},"end":{}}],"line":193},"16":{"loc":{"start":{"line":194,"column":12},"end":{"line":194,"column":62}},"type":"if","locations":[{"start":{"line":194,"column":12},"end":{"line":194,"column":62}},{"start":{},"end":{}}],"line":194},"17":{"loc":{"start":{"line":195,"column":12},"end":{"line":195,"column":72}},"type":"if","locations":[{"start":{"line":195,"column":12},"end":{"line":195,"column":72}},{"start":{},"end":{}}],"line":195},"18":{"loc":{"start":{"line":196,"column":12},"end":{"line":196,"column":72}},"type":"if","locations":[{"start":{"line":196,"column":12},"end":{"line":196,"column":72}},{"start":{},"end":{}}],"line":196},"19":{"loc":{"start":{"line":204,"column":12},"end":{"line":204,"column":63}},"type":"if","locations":[{"start":{"line":204,"column":12},"end":{"line":204,"column":63}},{"start":{},"end":{}}],"line":204},"20":{"loc":{"start":{"line":229,"column":12},"end":{"line":229,"column":62}},"type":"if","locations":[{"start":{"line":229,"column":12},"end":{"line":229,"column":62}},{"start":{},"end":{}}],"line":229},"21":{"loc":{"start":{"line":231,"column":12},"end":{"line":231,"column":81}},"type":"if","locations":[{"start":{"line":231,"column":12},"end":{"line":231,"column":81}},{"start":{},"end":{}}],"line":231},"22":{"loc":{"start":{"line":232,"column":12},"end":{"line":232,"column":68}},"type":"if","locations":[{"start":{"line":232,"column":12},"end":{"line":232,"column":68}},{"start":{},"end":{}}],"line":232},"23":{"loc":{"start":{"line":233,"column":12},"end":{"line":233,"column":68}},"type":"if","locations":[{"start":{"line":233,"column":12},"end":{"line":233,"column":68}},{"start":{},"end":{}}],"line":233},"24":{"loc":{"start":{"line":234,"column":12},"end":{"line":234,"column":64}},"type":"if","locations":[{"start":{"line":234,"column":12},"end":{"line":234,"column":64}},{"start":{},"end":{}}],"line":234},"25":{"loc":{"start":{"line":235,"column":12},"end":{"line":235,"column":74}},"type":"if","locations":[{"start":{"line":235,"column":12},"end":{"line":235,"column":74}},{"start":{},"end":{}}],"line":235},"26":{"loc":{"start":{"line":236,"column":12},"end":{"line":236,"column":74}},"type":"if","locations":[{"start":{"line":236,"column":12},"end":{"line":236,"column":74}},{"start":{},"end":{}}],"line":236},"27":{"loc":{"start":{"line":242,"column":12},"end":{"line":242,"column":97}},"type":"if","locations":[{"start":{"line":242,"column":12},"end":{"line":242,"column":97}},{"start":{},"end":{}}],"line":242},"28":{"loc":{"start":{"line":242,"column":16},"end":{"line":242,"column":56}},"type":"binary-expr","locations":[{"start":{"line":242,"column":16},"end":{"line":242,"column":29}},{"start":{"line":242,"column":33},"end":{"line":242,"column":56}}],"line":242},"29":{"loc":{"start":{"line":250,"column":12},"end":{"line":250,"column":53}},"type":"if","locations":[{"start":{"line":250,"column":12},"end":{"line":250,"column":53}},{"start":{},"end":{}}],"line":250}},"s":{"0":3,"1":3,"2":3,"3":3,"4":4,"5":4,"6":4,"7":4,"8":0,"9":4,"10":4,"11":36,"12":1,"13":1,"14":1,"15":1,"16":0,"17":1,"18":1,"19":0,"20":1,"21":1,"22":1,"23":1,"24":0,"25":1,"26":1,"27":1,"28":1,"29":0,"30":1,"31":0,"32":2,"33":2,"34":2,"35":2,"36":2,"37":1,"38":1,"39":1,"40":1,"41":2,"42":2,"43":2,"44":2,"45":2,"46":1,"47":1,"48":1,"49":1,"50":7,"51":7,"52":7,"53":1,"54":6,"55":6,"56":1,"57":5,"58":1,"59":4,"60":4,"61":1,"62":3,"63":0,"64":3,"65":3,"66":4,"67":12,"68":12,"69":12,"70":2,"71":10,"72":10,"73":1,"74":9,"75":1,"76":8,"77":1,"78":7,"79":1,"80":6,"81":1,"82":5,"83":1,"84":4,"85":4,"86":1,"87":3,"88":3,"89":3,"90":9,"91":8,"92":8,"93":8,"94":8,"95":1,"96":7,"97":7,"98":1,"99":6,"100":1,"101":5,"102":1,"103":4,"104":1,"105":3,"106":1,"107":2,"108":1,"109":1,"110":1,"111":0,"112":1,"113":1,"114":0,"115":1,"116":1,"117":7,"118":3},"f":{"0":4,"1":4,"2":36,"3":1,"4":1,"5":1,"6":2,"7":2,"8":7,"9":12,"10":8},"b":{"0":[3,3],"1":[0,4],"2":[4,4,0],"3":[0,1],"4":[0,1],"5":[1,1],"6":[1,1],"7":[1,6],"8":[1,5],"9":[1,4],"10":[1,3],"11":[0,3],"12":[2,10],"13":[1,9],"14":[1,8],"15":[1,7],"16":[1,6],"17":[1,5],"18":[1,4],"19":[1,3],"20":[1,7],"21":[1,6],"22":[1,5],"23":[1,4],"24":[1,3],"25":[1,2],"26":[1,1],"27":[0,1],"28":[1,1],"29":[0,1]},"_coverageSchema":"1a1c01bbd47fc00a2c39e90264f33305004495a9","hash":"117f4a2fcf365d15a91fb19e42577852dff1a471"}
,"C:\\Users\\ahmad\\Hacktiv8Projects\\3p\\finalProject\\healspace-server\\middlewares\\authentication.js": {"path":"C:\\Users\\ahmad\\Hacktiv8Projects\\3p\\finalProject\\healspace-server\\middlewares\\authentication.js","statementMap":{"0":{"start":{"line":1,"column":12},"end":{"line":1,"column":35}},"1":{"start":{"line":2,"column":13},"end":{"line":2,"column":38}},"2":{"start":{"line":3,"column":23},"end":{"line":3,"column":69}},"3":{"start":{"line":6,"column":4},"end":{"line":24,"column":5}},"4":{"start":{"line":7,"column":33},"end":{"line":7,"column":44}},"5":{"start":{"line":8,"column":8},"end":{"line":8,"column":60}},"6":{"start":{"line":8,"column":27},"end":{"line":8,"column":60}},"7":{"start":{"line":10,"column":24},"end":{"line":10,"column":64}},"8":{"start":{"line":12,"column":25},"end":{"line":12,"column":74}},"9":{"start":{"line":14,"column":8},"end":{"line":14,"column":56}},"10":{"start":{"line":14,"column":23},"end":{"line":14,"column":56}},"11":{"start":{"line":16,"column":8},"end":{"line":19,"column":9}},"12":{"start":{"line":21,"column":8},"end":{"line":21,"column":14}},"13":{"start":{"line":23,"column":8},"end":{"line":23,"column":17}},"14":{"start":{"line":27,"column":0},"end":{"line":27,"column":31}}},"fnMap":{"0":{"name":"authentication","decl":{"start":{"line":5,"column":15},"end":{"line":5,"column":29}},"loc":{"start":{"line":5,"column":46},"end":{"line":25,"column":1}},"line":5}},"branchMap":{"0":{"loc":{"start":{"line":3,"column":23},"end":{"line":3,"column":69}},"type":"binary-expr","locations":[{"start":{"line":3,"column":23},"end":{"line":3,"column":49}},{"start":{"line":3,"column":53},"end":{"line":3,"column":69}}],"line":3},"1":{"loc":{"start":{"line":8,"column":8},"end":{"line":8,"column":60}},"type":"if","locations":[{"start":{"line":8,"column":8},"end":{"line":8,"column":60}},{"start":{},"end":{}}],"line":8},"2":{"loc":{"start":{"line":14,"column":8},"end":{"line":14,"column":56}},"type":"if","locations":[{"start":{"line":14,"column":8},"end":{"line":14,"column":56}},{"start":{},"end":{}}],"line":14}},"s":{"0":3,"1":3,"2":3,"3":67,"4":67,"5":67,"6":16,"7":51,"8":51,"9":51,"10":0,"11":51,"12":51,"13":16,"14":3},"f":{"0":67},"b":{"0":[3,3],"1":[16,51],"2":[0,51]},"_coverageSchema":"1a1c01bbd47fc00a2c39e90264f33305004495a9","hash":"1d26348bedd8c02d9cd3db7fc6e673d1bc99f2e3"}
,"C:\\Users\\ahmad\\Hacktiv8Projects\\3p\\finalProject\\healspace-server\\middlewares\\errorHandling.js": {"path":"C:\\Users\\ahmad\\Hacktiv8Projects\\3p\\finalProject\\healspace-server\\middlewares\\errorHandling.js","statementMap":{"0":{"start":{"line":1,"column":22},"end":{"line":179,"column":1}},"1":{"start":{"line":2,"column":4},"end":{"line":2,"column":20}},"2":{"start":{"line":3,"column":18},"end":{"line":3,"column":41}},"3":{"start":{"line":4,"column":21},"end":{"line":4,"column":24}},"4":{"start":{"line":5,"column":4},"end":{"line":174,"column":5}},"5":{"start":{"line":7,"column":12},"end":{"line":7,"column":28}},"6":{"start":{"line":8,"column":12},"end":{"line":8,"column":41}},"7":{"start":{"line":9,"column":12},"end":{"line":9,"column":18}},"8":{"start":{"line":11,"column":12},"end":{"line":11,"column":28}},"9":{"start":{"line":12,"column":12},"end":{"line":12,"column":40}},"10":{"start":{"line":13,"column":12},"end":{"line":13,"column":18}},"11":{"start":{"line":15,"column":12},"end":{"line":15,"column":28}},"12":{"start":{"line":16,"column":12},"end":{"line":16,"column":44}},"13":{"start":{"line":17,"column":12},"end":{"line":17,"column":18}},"14":{"start":{"line":19,"column":12},"end":{"line":19,"column":28}},"15":{"start":{"line":20,"column":12},"end":{"line":20,"column":49}},"16":{"start":{"line":21,"column":12},"end":{"line":21,"column":18}},"17":{"start":{"line":23,"column":12},"end":{"line":23,"column":28}},"18":{"start":{"line":24,"column":12},"end":{"line":24,"column":41}},"19":{"start":{"line":25,"column":12},"end":{"line":25,"column":18}},"20":{"start":{"line":27,"column":12},"end":{"line":27,"column":28}},"21":{"start":{"line":28,"column":12},"end":{"line":28,"column":40}},"22":{"start":{"line":29,"column":12},"end":{"line":29,"column":18}},"23":{"start":{"line":31,"column":12},"end":{"line":31,"column":28}},"24":{"start":{"line":32,"column":12},"end":{"line":32,"column":44}},"25":{"start":{"line":33,"column":12},"end":{"line":33,"column":18}},"26":{"start":{"line":35,"column":12},"end":{"line":35,"column":28}},"27":{"start":{"line":36,"column":12},"end":{"line":36,"column":45}},"28":{"start":{"line":37,"column":12},"end":{"line":37,"column":18}},"29":{"start":{"line":39,"column":12},"end":{"line":39,"column":28}},"30":{"start":{"line":40,"column":12},"end":{"line":40,"column":42}},"31":{"start":{"line":41,"column":12},"end":{"line":41,"column":18}},"32":{"start":{"line":43,"column":12},"end":{"line":43,"column":28}},"33":{"start":{"line":44,"column":12},"end":{"line":44,"column":49}},"34":{"start":{"line":45,"column":12},"end":{"line":45,"column":18}},"35":{"start":{"line":47,"column":12},"end":{"line":47,"column":28}},"36":{"start":{"line":48,"column":12},"end":{"line":48,"column":48}},"37":{"start":{"line":49,"column":12},"end":{"line":49,"column":18}},"38":{"start":{"line":51,"column":12},"end":{"line":51,"column":28}},"39":{"start":{"line":52,"column":12},"end":{"line":52,"column":44}},"40":{"start":{"line":53,"column":12},"end":{"line":53,"column":18}},"41":{"start":{"line":55,"column":12},"end":{"line":55,"column":28}},"42":{"start":{"line":56,"column":12},"end":{"line":56,"column":41}},"43":{"start":{"line":57,"column":12},"end":{"line":57,"column":18}},"44":{"start":{"line":59,"column":12},"end":{"line":59,"column":28}},"45":{"start":{"line":60,"column":12},"end":{"line":60,"column":40}},"46":{"start":{"line":61,"column":12},"end":{"line":61,"column":18}},"47":{"start":{"line":63,"column":12},"end":{"line":63,"column":28}},"48":{"start":{"line":64,"column":12},"end":{"line":64,"column":44}},"49":{"start":{"line":65,"column":12},"end":{"line":65,"column":18}},"50":{"start":{"line":67,"column":12},"end":{"line":67,"column":28}},"51":{"start":{"line":68,"column":12},"end":{"line":68,"column":45}},"52":{"start":{"line":69,"column":12},"end":{"line":69,"column":18}},"53":{"start":{"line":71,"column":12},"end":{"line":71,"column":28}},"54":{"start":{"line":72,"column":12},"end":{"line":72,"column":42}},"55":{"start":{"line":73,"column":12},"end":{"line":73,"column":18}},"56":{"start":{"line":75,"column":12},"end":{"line":75,"column":28}},"57":{"start":{"line":76,"column":12},"end":{"line":76,"column":49}},"58":{"start":{"line":77,"column":12},"end":{"line":77,"column":18}},"59":{"start":{"line":79,"column":12},"end":{"line":79,"column":28}},"60":{"start":{"line":80,"column":12},"end":{"line":80,"column":48}},"61":{"start":{"line":81,"column":12},"end":{"line":81,"column":18}},"62":{"start":{"line":83,"column":12},"end":{"line":83,"column":28}},"63":{"start":{"line":84,"column":12},"end":{"line":84,"column":44}},"64":{"start":{"line":85,"column":12},"end":{"line":85,"column":18}},"65":{"start":{"line":87,"column":12},"end":{"line":87,"column":28}},"66":{"start":{"line":88,"column":12},"end":{"line":88,"column":42}},"67":{"start":{"line":89,"column":12},"end":{"line":89,"column":18}},"68":{"start":{"line":91,"column":12},"end":{"line":91,"column":28}},"69":{"start":{"line":92,"column":12},"end":{"line":92,"column":42}},"70":{"start":{"line":93,"column":12},"end":{"line":93,"column":18}},"71":{"start":{"line":95,"column":12},"end":{"line":95,"column":28}},"72":{"start":{"line":96,"column":12},"end":{"line":96,"column":49}},"73":{"start":{"line":97,"column":12},"end":{"line":97,"column":18}},"74":{"start":{"line":99,"column":12},"end":{"line":99,"column":28}},"75":{"start":{"line":100,"column":12},"end":{"line":100,"column":47}},"76":{"start":{"line":101,"column":12},"end":{"line":101,"column":18}},"77":{"start":{"line":103,"column":12},"end":{"line":103,"column":28}},"78":{"start":{"line":104,"column":12},"end":{"line":104,"column":45}},"79":{"start":{"line":105,"column":12},"end":{"line":105,"column":18}},"80":{"start":{"line":107,"column":12},"end":{"line":107,"column":28}},"81":{"start":{"line":108,"column":12},"end":{"line":108,"column":46}},"82":{"start":{"line":109,"column":12},"end":{"line":109,"column":18}},"83":{"start":{"line":111,"column":12},"end":{"line":111,"column":28}},"84":{"start":{"line":112,"column":12},"end":{"line":112,"column":49}},"85":{"start":{"line":113,"column":12},"end":{"line":113,"column":18}},"86":{"start":{"line":115,"column":12},"end":{"line":115,"column":28}},"87":{"start":{"line":116,"column":12},"end":{"line":116,"column":50}},"88":{"start":{"line":117,"column":12},"end":{"line":117,"column":18}},"89":{"start":{"line":119,"column":12},"end":{"line":119,"column":28}},"90":{"start":{"line":120,"column":12},"end":{"line":120,"column":57}},"91":{"start":{"line":121,"column":12},"end":{"line":121,"column":18}},"92":{"start":{"line":123,"column":12},"end":{"line":123,"column":28}},"93":{"start":{"line":124,"column":12},"end":{"line":124,"column":42}},"94":{"start":{"line":125,"column":12},"end":{"line":125,"column":18}},"95":{"start":{"line":127,"column":12},"end":{"line":127,"column":28}},"96":{"start":{"line":128,"column":12},"end":{"line":128,"column":40}},"97":{"start":{"line":129,"column":12},"end":{"line":129,"column":18}},"98":{"start":{"line":131,"column":12},"end":{"line":131,"column":28}},"99":{"start":{"line":132,"column":12},"end":{"line":132,"column":47}},"100":{"start":{"line":133,"column":12},"end":{"line":133,"column":18}},"101":{"start":{"line":135,"column":12},"end":{"line":135,"column":28}},"102":{"start":{"line":136,"column":12},"end":{"line":136,"column":48}},"103":{"start":{"line":137,"column":12},"end":{"line":137,"column":18}},"104":{"start":{"line":139,"column":12},"end":{"line":139,"column":28}},"105":{"start":{"line":140,"column":12},"end":{"line":140,"column":46}},"106":{"start":{"line":141,"column":12},"end":{"line":141,"column":18}},"107":{"start":{"line":143,"column":12},"end":{"line":143,"column":28}},"108":{"start":{"line":144,"column":12},"end":{"line":144,"column":44}},"109":{"start":{"line":145,"column":12},"end":{"line":145,"column":18}},"110":{"start":{"line":147,"column":12},"end":{"line":147,"column":28}},"111":{"start":{"line":148,"column":12},"end":{"line":148,"column":39}},"112":{"start":{"line":149,"column":12},"end":{"line":149,"column":18}},"113":{"start":{"line":151,"column":12},"end":{"line":151,"column":28}},"114":{"start":{"line":152,"column":12},"end":{"line":152,"column":40}},"115":{"start":{"line":153,"column":12},"end":{"line":153,"column":18}},"116":{"start":{"line":155,"column":12},"end":{"line":155,"column":28}},"117":{"start":{"line":156,"column":12},"end":{"line":156,"column":40}},"118":{"start":{"line":157,"column":12},"end":{"line":157,"column":18}},"119":{"start":{"line":159,"column":12},"end":{"line":159,"column":28}},"120":{"start":{"line":160,"column":12},"end":{"line":160,"column":40}},"121":{"start":{"line":161,"column":12},"end":{"line":161,"column":18}},"122":{"start":{"line":163,"column":12},"end":{"line":163,"column":28}},"123":{"start":{"line":164,"column":12},"end":{"line":164,"column":44}},"124":{"start":{"line":165,"column":12},"end":{"line":165,"column":18}},"125":{"start":{"line":167,"column":12},"end":{"line":167,"column":28}},"126":{"start":{"line":168,"column":12},"end":{"line":168,"column":38}},"127":{"start":{"line":169,"column":12},"end":{"line":169,"column":18}},"128":{"start":{"line":171,"column":12},"end":{"line":171,"column":28}},"129":{"start":{"line":172,"column":12},"end":{"line":172,"column":45}},"130":{"start":{"line":173,"column":12},"end":{"line":173,"column":18}},"131":{"start":{"line":175,"column":4},"end":{"line":178,"column":6}},"132":{"start":{"line":181,"column":0},"end":{"line":181,"column":30}}},"fnMap":{"0":{"name":"(anonymous_0)","decl":{"start":{"line":1,"column":22},"end":{"line":1,"column":23}},"loc":{"start":{"line":1,"column":47},"end":{"line":179,"column":1}},"line":1}},"branchMap":{"0":{"loc":{"start":{"line":5,"column":4},"end":{"line":174,"column":5}},"type":"switch","locations":[{"start":{"line":6,"column":8},"end":{"line":9,"column":18}},{"start":{"line":10,"column":8},"end":{"line":13,"column":18}},{"start":{"line":14,"column":8},"end":{"line":17,"column":18}},{"start":{"line":18,"column":8},"end":{"line":21,"column":18}},{"start":{"line":22,"column":8},"end":{"line":25,"column":18}},{"start":{"line":26,"column":8},"end":{"line":29,"column":18}},{"start":{"line":30,"column":8},"end":{"line":33,"column":18}},{"start":{"line":34,"column":8},"end":{"line":37,"column":18}},{"start":{"line":38,"column":8},"end":{"line":41,"column":18}},{"start":{"line":42,"column":8},"end":{"line":45,"column":18}},{"start":{"line":46,"column":8},"end":{"line":49,"column":18}},{"start":{"line":50,"column":8},"end":{"line":53,"column":18}},{"start":{"line":54,"column":8},"end":{"line":57,"column":18}},{"start":{"line":58,"column":8},"end":{"line":61,"column":18}},{"start":{"line":62,"column":8},"end":{"line":65,"column":18}},{"start":{"line":66,"column":8},"end":{"line":69,"column":18}},{"start":{"line":70,"column":8},"end":{"line":73,"column":18}},{"start":{"line":74,"column":8},"end":{"line":77,"column":18}},{"start":{"line":78,"column":8},"end":{"line":81,"column":18}},{"start":{"line":82,"column":8},"end":{"line":85,"column":18}},{"start":{"line":86,"column":8},"end":{"line":89,"column":18}},{"start":{"line":90,"column":8},"end":{"line":93,"column":18}},{"start":{"line":94,"column":8},"end":{"line":97,"column":18}},{"start":{"line":98,"column":8},"end":{"line":101,"column":18}},{"start":{"line":102,"column":8},"end":{"line":105,"column":18}},{"start":{"line":106,"column":8},"end":{"line":109,"column":18}},{"start":{"line":110,"column":8},"end":{"line":113,"column":18}},{"start":{"line":114,"column":8},"end":{"line":117,"column":18}},{"start":{"line":118,"column":8},"end":{"line":121,"column":18}},{"start":{"line":122,"column":8},"end":{"line":125,"column":18}},{"start":{"line":126,"column":8},"end":{"line":129,"column":18}},{"start":{"line":130,"column":8},"end":{"line":133,"column":18}},{"start":{"line":134,"column":8},"end":{"line":137,"column":18}},{"start":{"line":138,"column":8},"end":{"line":141,"column":18}},{"start":{"line":142,"column":8},"end":{"line":145,"column":18}},{"start":{"line":146,"column":8},"end":{"line":149,"column":18}},{"start":{"line":150,"column":8},"end":{"line":153,"column":18}},{"start":{"line":154,"column":8},"end":{"line":157,"column":18}},{"start":{"line":158,"column":8},"end":{"line":161,"column":18}},{"start":{"line":162,"column":8},"end":{"line":165,"column":18}},{"start":{"line":166,"column":8},"end":{"line":169,"column":18}},{"start":{"line":170,"column":8},"end":{"line":173,"column":18}}],"line":5}},"s":{"0":3,"1":60,"2":60,"3":60,"4":60,"5":1,"6":1,"7":1,"8":1,"9":1,"10":1,"11":1,"12":1,"13":1,"14":1,"15":1,"16":1,"17":2,"18":2,"19":2,"20":1,"21":1,"22":1,"23":1,"24":1,"25":1,"26":1,"27":1,"28":1,"29":1,"30":1,"31":1,"32":1,"33":1,"34":1,"35":1,"36":1,"37":1,"38":1,"39":1,"40":1,"41":1,"42":1,"43":1,"44":1,"45":1,"46":1,"47":1,"48":1,"49":1,"50":1,"51":1,"52":1,"53":1,"54":1,"55":1,"56":1,"57":1,"58":1,"59":1,"60":1,"61":1,"62":0,"63":0,"64":0,"65":1,"66":1,"67":1,"68":1,"69":1,"70":1,"71":1,"72":1,"73":1,"74":1,"75":1,"76":1,"77":1,"78":1,"79":1,"80":1,"81":1,"82":1,"83":1,"84":1,"85":1,"86":1,"87":1,"88":1,"89":1,"90":1,"91":1,"92":1,"93":1,"94":1,"95":1,"96":1,"97":1,"98":1,"99":1,"100":1,"101":1,"102":1,"103":1,"104":1,"105":1,"106":1,"107":1,"108":1,"109":1,"110":1,"111":1,"112":1,"113":1,"114":1,"115":1,"116":1,"117":1,"118":1,"119":1,"120":1,"121":1,"122":16,"123":16,"124":16,"125":5,"126":5,"127":5,"128":0,"129":0,"130":0,"131":60,"132":3},"f":{"0":60},"b":{"0":[1,1,1,1,2,1,1,1,1,1,1,1,1,1,1,1,1,1,1,0,1,1,1,1,1,1,1,1,1,1,1,1,1,1,1,1,1,1,1,16,5,0]},"_coverageSchema":"1a1c01bbd47fc00a2c39e90264f33305004495a9","hash":"6179bfc7233df8c3dd4f43fadfb177aed5cfa083"}
,"C:\\Users\\ahmad\\Hacktiv8Projects\\3p\\finalProject\\healspace-server\\models\\hotel.js": {"path":"C:\\Users\\ahmad\\Hacktiv8Projects\\3p\\finalProject\\healspace-server\\models\\hotel.js","statementMap":{"0":{"start":{"line":1,"column":15},"end":{"line":1,"column":42}},"1":{"start":{"line":5,"column":8},"end":{"line":10,"column":9}},"2":{"start":{"line":6,"column":25},"end":{"line":6,"column":60}},"3":{"start":{"line":7,"column":12},"end":{"line":7,"column":23}},"4":{"start":{"line":9,"column":12},"end":{"line":9,"column":21}},"5":{"start":{"line":14,"column":8},"end":{"line":19,"column":9}},"6":{"start":{"line":15,"column":25},"end":{"line":15,"column":63}},"7":{"start":{"line":16,"column":12},"end":{"line":16,"column":23}},"8":{"start":{"line":18,"column":12},"end":{"line":18,"column":21}},"9":{"start":{"line":23,"column":8},"end":{"line":28,"column":9}},"10":{"start":{"line":24,"column":25},"end":{"line":24,"column":61}},"11":{"start":{"line":25,"column":12},"end":{"line":25,"column":23}},"12":{"start":{"line":27,"column":12},"end":{"line":27,"column":21}},"13":{"start":{"line":32,"column":8},"end":{"line":37,"column":9}},"14":{"start":{"line":33,"column":25},"end":{"line":33,"column":65}},"15":{"start":{"line":34,"column":12},"end":{"line":34,"column":23}},"16":{"start":{"line":36,"column":12},"end":{"line":36,"column":21}},"17":{"start":{"line":41,"column":8},"end":{"line":46,"column":9}},"18":{"start":{"line":42,"column":25},"end":{"line":42,"column":62}},"19":{"start":{"line":43,"column":12},"end":{"line":43,"column":23}},"20":{"start":{"line":45,"column":12},"end":{"line":45,"column":21}},"21":{"start":{"line":50,"column":8},"end":{"line":55,"column":9}},"22":{"start":{"line":51,"column":25},"end":{"line":51,"column":58}},"23":{"start":{"line":52,"column":12},"end":{"line":52,"column":23}},"24":{"start":{"line":54,"column":12},"end":{"line":54,"column":21}},"25":{"start":{"line":59,"column":8},"end":{"line":64,"column":9}},"26":{"start":{"line":60,"column":25},"end":{"line":60,"column":58}},"27":{"start":{"line":61,"column":12},"end":{"line":61,"column":23}},"28":{"start":{"line":63,"column":12},"end":{"line":63,"column":21}},"29":{"start":{"line":68,"column":8},"end":{"line":73,"column":9}},"30":{"start":{"line":69,"column":25},"end":{"line":69,"column":62}},"31":{"start":{"line":70,"column":12},"end":{"line":70,"column":23}},"32":{"start":{"line":72,"column":12},"end":{"line":72,"column":21}},"33":{"start":{"line":77,"column":0},"end":{"line":77,"column":22}}},"fnMap":{"0":{"name":"(anonymous_0)","decl":{"start":{"line":4,"column":4},"end":{"line":4,"column":5}},"loc":{"start":{"line":4,"column":38},"end":{"line":11,"column":5}},"line":4},"1":{"name":"(anonymous_1)","decl":{"start":{"line":13,"column":4},"end":{"line":13,"column":5}},"loc":{"start":{"line":13,"column":45},"end":{"line":20,"column":5}},"line":13},"2":{"name":"(anonymous_2)","decl":{"start":{"line":22,"column":4},"end":{"line":22,"column":5}},"loc":{"start":{"line":22,"column":42},"end":{"line":29,"column":5}},"line":22},"3":{"name":"(anonymous_3)","decl":{"start":{"line":31,"column":4},"end":{"line":31,"column":5}},"loc":{"start":{"line":31,"column":48},"end":{"line":38,"column":5}},"line":31},"4":{"name":"(anonymous_4)","decl":{"start":{"line":40,"column":4},"end":{"line":40,"column":5}},"loc":{"start":{"line":40,"column":38},"end":{"line":47,"column":5}},"line":40},"5":{"name":"(anonymous_5)","decl":{"start":{"line":49,"column":4},"end":{"line":49,"column":5}},"loc":{"start":{"line":49,"column":37},"end":{"line":56,"column":5}},"line":49},"6":{"name":"(anonymous_6)","decl":{"start":{"line":58,"column":4},"end":{"line":58,"column":5}},"loc":{"start":{"line":58,"column":37},"end":{"line":65,"column":5}},"line":58},"7":{"name":"(anonymous_7)","decl":{"start":{"line":67,"column":4},"end":{"line":67,"column":5}},"loc":{"start":{"line":67,"column":40},"end":{"line":74,"column":5}},"line":67}},"branchMap":{"0":{"loc":{"start":{"line":4,"column":25},"end":{"line":4,"column":36}},"type":"default-arg","locations":[{"start":{"line":4,"column":34},"end":{"line":4,"column":36}}],"line":4},"1":{"loc":{"start":{"line":13,"column":32},"end":{"line":13,"column":43}},"type":"default-arg","locations":[{"start":{"line":13,"column":41},"end":{"line":13,"column":43}}],"line":13},"2":{"loc":{"start":{"line":22,"column":29},"end":{"line":22,"column":40}},"type":"default-arg","locations":[{"start":{"line":22,"column":38},"end":{"line":22,"column":40}}],"line":22},"3":{"loc":{"start":{"line":31,"column":35},"end":{"line":31,"column":46}},"type":"default-arg","locations":[{"start":{"line":31,"column":44},"end":{"line":31,"column":46}}],"line":31},"4":{"loc":{"start":{"line":40,"column":25},"end":{"line":40,"column":36}},"type":"default-arg","locations":[{"start":{"line":40,"column":34},"end":{"line":40,"column":36}}],"line":40},"5":{"loc":{"start":{"line":49,"column":24},"end":{"line":49,"column":35}},"type":"default-arg","locations":[{"start":{"line":49,"column":33},"end":{"line":49,"column":35}}],"line":49},"6":{"loc":{"start":{"line":58,"column":24},"end":{"line":58,"column":35}},"type":"default-arg","locations":[{"start":{"line":58,"column":33},"end":{"line":58,"column":35}}],"line":58},"7":{"loc":{"start":{"line":67,"column":27},"end":{"line":67,"column":38}},"type":"default-arg","locations":[{"start":{"line":67,"column":36},"end":{"line":67,"column":38}}],"line":67}},"s":{"0":3,"1":3,"2":3,"3":3,"4":0,"5":1,"6":1,"7":1,"8":0,"9":1,"10":1,"11":1,"12":0,"13":1,"14":1,"15":1,"16":0,"17":4,"18":4,"19":4,"20":0,"21":3,"22":3,"23":3,"24":0,"25":1,"26":1,"27":1,"28":0,"29":3,"30":3,"31":3,"32":0,"33":3},"f":{"0":3,"1":1,"2":1,"3":1,"4":4,"5":3,"6":1,"7":3},"b":{"0":[0],"1":[0],"2":[0],"3":[0],"4":[0],"5":[0],"6":[0],"7":[0]},"_coverageSchema":"1a1c01bbd47fc00a2c39e90264f33305004495a9","hash":"bbbec1541d5bd1fe48e6f82f9558967658fc140f"}
,"C:\\Users\\ahmad\\Hacktiv8Projects\\3p\\finalProject\\healspace-server\\models\\order.js": {"path":"C:\\Users\\ahmad\\Hacktiv8Projects\\3p\\finalProject\\healspace-server\\models\\order.js","statementMap":{"0":{"start":{"line":1,"column":15},"end":{"line":1,"column":42}},"1":{"start":{"line":5,"column":8},"end":{"line":10,"column":9}},"2":{"start":{"line":6,"column":25},"end":{"line":6,"column":60}},"3":{"start":{"line":7,"column":12},"end":{"line":7,"column":23}},"4":{"start":{"line":9,"column":12},"end":{"line":9,"column":21}},"5":{"start":{"line":14,"column":8},"end":{"line":19,"column":9}},"6":{"start":{"line":15,"column":25},"end":{"line":15,"column":61}},"7":{"start":{"line":16,"column":12},"end":{"line":16,"column":23}},"8":{"start":{"line":18,"column":12},"end":{"line":18,"column":21}},"9":{"start":{"line":23,"column":8},"end":{"line":28,"column":9}},"10":{"start":{"line":24,"column":25},"end":{"line":24,"column":58}},"11":{"start":{"line":25,"column":12},"end":{"line":25,"column":23}},"12":{"start":{"line":27,"column":12},"end":{"line":27,"column":21}},"13":{"start":{"line":32,"column":8},"end":{"line":37,"column":9}},"14":{"start":{"line":33,"column":25},"end":{"line":33,"column":58}},"15":{"start":{"line":34,"column":12},"end":{"line":34,"column":23}},"16":{"start":{"line":36,"column":12},"end":{"line":36,"column":21}},"17":{"start":{"line":41,"column":8},"end":{"line":46,"column":9}},"18":{"start":{"line":42,"column":25},"end":{"line":42,"column":62}},"19":{"start":{"line":43,"column":12},"end":{"line":43,"column":23}},"20":{"start":{"line":45,"column":12},"end":{"line":45,"column":21}},"21":{"start":{"line":50,"column":0},"end":{"line":50,"column":22}}},"fnMap":{"0":{"name":"(anonymous_0)","decl":{"start":{"line":4,"column":4},"end":{"line":4,"column":5}},"loc":{"start":{"line":4,"column":38},"end":{"line":11,"column":5}},"line":4},"1":{"name":"(anonymous_1)","decl":{"start":{"line":13,"column":4},"end":{"line":13,"column":5}},"loc":{"start":{"line":13,"column":38},"end":{"line":20,"column":5}},"line":13},"2":{"name":"(anonymous_2)","decl":{"start":{"line":22,"column":4},"end":{"line":22,"column":5}},"loc":{"start":{"line":22,"column":37},"end":{"line":29,"column":5}},"line":22},"3":{"name":"(anonymous_3)","decl":{"start":{"line":31,"column":4},"end":{"line":31,"column":5}},"loc":{"start":{"line":31,"column":37},"end":{"line":38,"column":5}},"line":31},"4":{"name":"(anonymous_4)","decl":{"start":{"line":40,"column":4},"end":{"line":40,"column":5}},"loc":{"start":{"line":40,"column":40},"end":{"line":47,"column":5}},"line":40}},"branchMap":{"0":{"loc":{"start":{"line":4,"column":25},"end":{"line":4,"column":36}},"type":"default-arg","locations":[{"start":{"line":4,"column":34},"end":{"line":4,"column":36}}],"line":4},"1":{"loc":{"start":{"line":13,"column":25},"end":{"line":13,"column":36}},"type":"default-arg","locations":[{"start":{"line":13,"column":34},"end":{"line":13,"column":36}}],"line":13},"2":{"loc":{"start":{"line":22,"column":24},"end":{"line":22,"column":35}},"type":"default-arg","locations":[{"start":{"line":22,"column":33},"end":{"line":22,"column":35}}],"line":22},"3":{"loc":{"start":{"line":31,"column":24},"end":{"line":31,"column":35}},"type":"default-arg","locations":[{"start":{"line":31,"column":33},"end":{"line":31,"column":35}}],"line":31},"4":{"loc":{"start":{"line":40,"column":27},"end":{"line":40,"column":38}},"type":"default-arg","locations":[{"start":{"line":40,"column":36},"end":{"line":40,"column":38}}],"line":40}},"s":{"0":3,"1":1,"2":1,"3":1,"4":0,"5":5,"6":5,"7":5,"8":0,"9":1,"10":1,"11":1,"12":0,"13":1,"14":1,"15":1,"16":0,"17":1,"18":1,"19":1,"20":0,"21":3},"f":{"0":1,"1":5,"2":1,"3":1,"4":1},"b":{"0":[0],"1":[0],"2":[0],"3":[0],"4":[0]},"_coverageSchema":"1a1c01bbd47fc00a2c39e90264f33305004495a9","hash":"80a42866396369b121b2ac447134abbd9ce390ff"}
,"C:\\Users\\ahmad\\Hacktiv8Projects\\3p\\finalProject\\healspace-server\\models\\user.js": {"path":"C:\\Users\\ahmad\\Hacktiv8Projects\\3p\\finalProject\\healspace-server\\models\\user.js","statementMap":{"0":{"start":{"line":1,"column":15},"end":{"line":1,"column":42}},"1":{"start":{"line":5,"column":8},"end":{"line":10,"column":9}},"2":{"start":{"line":6,"column":25},"end":{"line":6,"column":63}},"3":{"start":{"line":7,"column":12},"end":{"line":7,"column":23}},"4":{"start":{"line":9,"column":12},"end":{"line":9,"column":21}},"5":{"start":{"line":14,"column":8},"end":{"line":19,"column":9}},"6":{"start":{"line":15,"column":25},"end":{"line":15,"column":64}},"7":{"start":{"line":16,"column":12},"end":{"line":16,"column":23}},"8":{"start":{"line":18,"column":12},"end":{"line":18,"column":21}},"9":{"start":{"line":23,"column":8},"end":{"line":28,"column":9}},"10":{"start":{"line":24,"column":25},"end":{"line":24,"column":61}},"11":{"start":{"line":25,"column":12},"end":{"line":25,"column":23}},"12":{"start":{"line":27,"column":12},"end":{"line":27,"column":21}},"13":{"start":{"line":32,"column":8},"end":{"line":37,"column":9}},"14":{"start":{"line":33,"column":25},"end":{"line":33,"column":61}},"15":{"start":{"line":34,"column":12},"end":{"line":34,"column":23}},"16":{"start":{"line":36,"column":12},"end":{"line":36,"column":21}},"17":{"start":{"line":41,"column":8},"end":{"line":46,"column":9}},"18":{"start":{"line":42,"column":25},"end":{"line":42,"column":65}},"19":{"start":{"line":43,"column":12},"end":{"line":43,"column":23}},"20":{"start":{"line":45,"column":12},"end":{"line":45,"column":21}},"21":{"start":{"line":50,"column":8},"end":{"line":55,"column":9}},"22":{"start":{"line":51,"column":25},"end":{"line":51,"column":61}},"23":{"start":{"line":52,"column":12},"end":{"line":52,"column":23}},"24":{"start":{"line":54,"column":12},"end":{"line":54,"column":21}},"25":{"start":{"line":59,"column":8},"end":{"line":64,"column":9}},"26":{"start":{"line":60,"column":25},"end":{"line":60,"column":57}},"27":{"start":{"line":61,"column":12},"end":{"line":61,"column":23}},"28":{"start":{"line":63,"column":12},"end":{"line":63,"column":21}},"29":{"start":{"line":68,"column":8},"end":{"line":73,"column":9}},"30":{"start":{"line":69,"column":25},"end":{"line":69,"column":57}},"31":{"start":{"line":70,"column":12},"end":{"line":70,"column":23}},"32":{"start":{"line":72,"column":12},"end":{"line":72,"column":21}},"33":{"start":{"line":77,"column":8},"end":{"line":82,"column":9}},"34":{"start":{"line":78,"column":25},"end":{"line":78,"column":61}},"35":{"start":{"line":79,"column":12},"end":{"line":79,"column":23}},"36":{"start":{"line":81,"column":12},"end":{"line":81,"column":21}},"37":{"start":{"line":86,"column":0},"end":{"line":86,"column":21}}},"fnMap":{"0":{"name":"(anonymous_0)","decl":{"start":{"line":4,"column":4},"end":{"line":4,"column":5}},"loc":{"start":{"line":4,"column":44},"end":{"line":11,"column":5}},"line":4},"1":{"name":"(anonymous_1)","decl":{"start":{"line":13,"column":4},"end":{"line":13,"column":5}},"loc":{"start":{"line":13,"column":43},"end":{"line":20,"column":5}},"line":13},"2":{"name":"(anonymous_2)","decl":{"start":{"line":22,"column":4},"end":{"line":22,"column":5}},"loc":{"start":{"line":22,"column":42},"end":{"line":29,"column":5}},"line":22},"3":{"name":"(anonymous_3)","decl":{"start":{"line":31,"column":4},"end":{"line":31,"column":5}},"loc":{"start":{"line":31,"column":45},"end":{"line":38,"column":5}},"line":31},"4":{"name":"(anonymous_4)","decl":{"start":{"line":40,"column":4},"end":{"line":40,"column":5}},"loc":{"start":{"line":40,"column":48},"end":{"line":47,"column":5}},"line":40},"5":{"name":"(anonymous_5)","decl":{"start":{"line":49,"column":4},"end":{"line":49,"column":5}},"loc":{"start":{"line":49,"column":38},"end":{"line":56,"column":5}},"line":49},"6":{"name":"(anonymous_6)","decl":{"start":{"line":58,"column":4},"end":{"line":58,"column":5}},"loc":{"start":{"line":58,"column":37},"end":{"line":65,"column":5}},"line":58},"7":{"name":"(anonymous_7)","decl":{"start":{"line":67,"column":4},"end":{"line":67,"column":5}},"loc":{"start":{"line":67,"column":37},"end":{"line":74,"column":5}},"line":67},"8":{"name":"(anonymous_8)","decl":{"start":{"line":76,"column":4},"end":{"line":76,"column":5}},"loc":{"start":{"line":76,"column":40},"end":{"line":83,"column":5}},"line":76}},"branchMap":{"0":{"loc":{"start":{"line":4,"column":31},"end":{"line":4,"column":42}},"type":"default-arg","locations":[{"start":{"line":4,"column":40},"end":{"line":4,"column":42}}],"line":4},"1":{"loc":{"start":{"line":13,"column":30},"end":{"line":13,"column":41}},"type":"default-arg","locations":[{"start":{"line":13,"column":39},"end":{"line":13,"column":41}}],"line":13},"2":{"loc":{"start":{"line":22,"column":29},"end":{"line":22,"column":40}},"type":"default-arg","locations":[{"start":{"line":22,"column":38},"end":{"line":22,"column":40}}],"line":22},"3":{"loc":{"start":{"line":31,"column":32},"end":{"line":31,"column":43}},"type":"default-arg","locations":[{"start":{"line":31,"column":41},"end":{"line":31,"column":43}}],"line":31},"4":{"loc":{"start":{"line":40,"column":35},"end":{"line":40,"column":46}},"type":"default-arg","locations":[{"start":{"line":40,"column":44},"end":{"line":40,"column":46}}],"line":40},"5":{"loc":{"start":{"line":49,"column":25},"end":{"line":49,"column":36}},"type":"default-arg","locations":[{"start":{"line":49,"column":34},"end":{"line":49,"column":36}}],"line":49},"6":{"loc":{"start":{"line":58,"column":24},"end":{"line":58,"column":35}},"type":"default-arg","locations":[{"start":{"line":58,"column":33},"end":{"line":58,"column":35}}],"line":58},"7":{"loc":{"start":{"line":67,"column":24},"end":{"line":67,"column":35}},"type":"default-arg","locations":[{"start":{"line":67,"column":33},"end":{"line":67,"column":35}}],"line":67},"8":{"loc":{"start":{"line":76,"column":27},"end":{"line":76,"column":38}},"type":"default-arg","locations":[{"start":{"line":76,"column":36},"end":{"line":76,"column":38}}],"line":76}},"s":{"0":3,"1":1,"2":1,"3":1,"4":0,"5":5,"6":5,"7":5,"8":0,"9":1,"10":1,"11":1,"12":0,"13":1,"14":1,"15":1,"16":0,"17":1,"18":1,"19":1,"20":0,"21":62,"22":62,"23":62,"24":0,"25":3,"26":3,"27":3,"28":0,"29":1,"30":1,"31":1,"32":0,"33":3,"34":3,"35":3,"36":0,"37":3},"f":{"0":1,"1":5,"2":1,"3":1,"4":1,"5":62,"6":3,"7":1,"8":3},"b":{"0":[0],"1":[0],"2":[0],"3":[0],"4":[0],"5":[0],"6":[0],"7":[0],"8":[0]},"_coverageSchema":"1a1c01bbd47fc00a2c39e90264f33305004495a9","hash":"2ed564a025e9964396f1ecf12f1d2a483a1a0621"}
,"C:\\Users\\ahmad\\Hacktiv8Projects\\3p\\finalProject\\healspace-server\\routes\\hotel.js": {"path":"C:\\Users\\ahmad\\Hacktiv8Projects\\3p\\finalProject\\healspace-server\\routes\\hotel.js","statementMap":{"0":{"start":{"line":1,"column":16},"end":{"line":1,"column":34}},"1":{"start":{"line":2,"column":24},"end":{"line":2,"column":55}},"2":{"start":{"line":3,"column":23},"end":{"line":3,"column":63}},"3":{"start":{"line":4,"column":15},"end":{"line":4,"column":31}},"4":{"start":{"line":6,"column":0},"end":{"line":6,"column":56}},"5":{"start":{"line":7,"column":0},"end":{"line":7,"column":56}},"6":{"start":{"line":8,"column":0},"end":{"line":8,"column":73}},"7":{"start":{"line":9,"column":0},"end":{"line":9,"column":71}},"8":{"start":{"line":10,"column":0},"end":{"line":10,"column":59}},"9":{"start":{"line":11,"column":0},"end":{"line":11,"column":71}},"10":{"start":{"line":13,"column":0},"end":{"line":13,"column":23}}},"fnMap":{},"branchMap":{},"s":{"0":3,"1":3,"2":3,"3":3,"4":3,"5":3,"6":3,"7":3,"8":3,"9":3,"10":3},"f":{},"b":{},"_coverageSchema":"1a1c01bbd47fc00a2c39e90264f33305004495a9","hash":"27d85c8ecc7cfe55c6f08d83f386cc5a9dfe1ebd"}
,"C:\\Users\\ahmad\\Hacktiv8Projects\\3p\\finalProject\\healspace-server\\routes\\index.js": {"path":"C:\\Users\\ahmad\\Hacktiv8Projects\\3p\\finalProject\\healspace-server\\routes\\index.js","statementMap":{"0":{"start":{"line":1,"column":16},"end":{"line":1,"column":34}},"1":{"start":{"line":2,"column":15},"end":{"line":2,"column":31}},"2":{"start":{"line":3,"column":19},"end":{"line":3,"column":36}},"3":{"start":{"line":4,"column":20},"end":{"line":4,"column":38}},"4":{"start":{"line":5,"column":20},"end":{"line":5,"column":38}},"5":{"start":{"line":7,"column":0},"end":{"line":7,"column":32}},"6":{"start":{"line":8,"column":0},"end":{"line":8,"column":34}},"7":{"start":{"line":9,"column":0},"end":{"line":9,"column":34}},"8":{"start":{"line":11,"column":0},"end":{"line":11,"column":23}}},"fnMap":{},"branchMap":{},"s":{"0":3,"1":3,"2":3,"3":3,"4":3,"5":3,"6":3,"7":3,"8":3},"f":{},"b":{},"_coverageSchema":"1a1c01bbd47fc00a2c39e90264f33305004495a9","hash":"dd52bb550a8a3f6839ad3ed7770bdaaccd0c8d5d"}
,"C:\\Users\\ahmad\\Hacktiv8Projects\\3p\\finalProject\\healspace-server\\routes\\order.js": {"path":"C:\\Users\\ahmad\\Hacktiv8Projects\\3p\\finalProject\\healspace-server\\routes\\order.js","statementMap":{"0":{"start":{"line":1,"column":16},"end":{"line":1,"column":34}},"1":{"start":{"line":2,"column":24},"end":{"line":2,"column":55}},"2":{"start":{"line":3,"column":23},"end":{"line":3,"column":63}},"3":{"start":{"line":4,"column":15},"end":{"line":4,"column":31}},"4":{"start":{"line":6,"column":0},"end":{"line":6,"column":56}},"5":{"start":{"line":7,"column":0},"end":{"line":7,"column":71}},"6":{"start":{"line":8,"column":0},"end":{"line":8,"column":71}},"7":{"start":{"line":9,"column":0},"end":{"line":9,"column":59}},"8":{"start":{"line":11,"column":0},"end":{"line":11,"column":23}}},"fnMap":{},"branchMap":{},"s":{"0":3,"1":3,"2":3,"3":3,"4":3,"5":3,"6":3,"7":3,"8":3},"f":{},"b":{},"_coverageSchema":"1a1c01bbd47fc00a2c39e90264f33305004495a9","hash":"29b65e4bdc68df034d3296882bac008c97540790"}
,"C:\\Users\\ahmad\\Hacktiv8Projects\\3p\\finalProject\\healspace-server\\routes\\user.js": {"path":"C:\\Users\\ahmad\\Hacktiv8Projects\\3p\\finalProject\\healspace-server\\routes\\user.js","statementMap":{"0":{"start":{"line":1,"column":16},"end":{"line":1,"column":34}},"1":{"start":{"line":2,"column":23},"end":{"line":2,"column":53}},"2":{"start":{"line":3,"column":23},"end":{"line":3,"column":63}},"3":{"start":{"line":4,"column":15},"end":{"line":4,"column":31}},"4":{"start":{"line":6,"column":0},"end":{"line":6,"column":49}},"5":{"start":{"line":7,"column":0},"end":{"line":7,"column":43}},"6":{"start":{"line":8,"column":0},"end":{"line":8,"column":55}},"7":{"start":{"line":9,"column":0},"end":{"line":9,"column":54}},"8":{"start":{"line":10,"column":0},"end":{"line":10,"column":70}},"9":{"start":{"line":11,"column":0},"end":{"line":11,"column":73}},"10":{"start":{"line":12,"column":0},"end":{"line":12,"column":73}},"11":{"start":{"line":13,"column":0},"end":{"line":13,"column":78}},"12":{"start":{"line":15,"column":0},"end":{"line":15,"column":23}}},"fnMap":{},"branchMap":{},"s":{"0":3,"1":3,"2":3,"3":3,"4":3,"5":3,"6":3,"7":3,"8":3,"9":3,"10":3,"11":3,"12":3},"f":{},"b":{},"_coverageSchema":"1a1c01bbd47fc00a2c39e90264f33305004495a9","hash":"919dfd8d75c22d6d18909719219ebde79eda4f0a"}
}
