TN:
SF:app.js
FNF:0
FNH:0
DA:1,3
DA:2,3
DA:3,3
DA:4,3
DA:5,3
DA:6,3
DA:8,3
DA:9,3
DA:10,3
DA:11,3
DA:12,3
DA:14,3
LF:12
LH:12
BRF:0
BRH:0
end_of_record
TN:
SF:config\firebase.js
FNF:0
FNH:0
DA:1,3
DA:3,3
DA:4,3
DA:9,3
LF:4
LH:4
BRF:0
BRH:0
end_of_record
TN:
SF:config\prisma.js
FNF:0
FNH:0
DA:1,3
DA:2,3
DA:3,3
LF:3
LH:3
BRF:0
BRH:0
end_of_record
TN:
SF:controllers\hotel.js
FN:5,(anonymous_0)
FN:17,(anonymous_1)
FN:53,(anonymous_2)
FN:66,(anonymous_3)
FN:93,(anonymous_4)
FN:132,(anonymous_5)
FN:158,(anonymous_6)
FN:165,(anonymous_7)
FN:177,(anonymous_8)
FNF:9
FNH:7
FNDA:10,(anonymous_0)
FNDA:2,(anonymous_1)
FNDA:1,(anonymous_2)
FNDA:3,(anonymous_3)
FNDA:3,(anonymous_4)
FNDA:2,(anonymous_5)
FNDA:0,(anonymous_6)
FNDA:0,(anonymous_7)
FNDA:3,(anonymous_8)
DA:1,3
DA:6,10
DA:7,10
DA:9,10
DA:10,9
DA:11,8
DA:12,7
DA:13,6
DA:14,5
DA:15,4
DA:17,3
DA:18,2
DA:21,2
DA:24,3
DA:42,3
DA:49,7
DA:54,1
DA:55,1
DA:57,1
DA:62,0
DA:67,3
DA:68,3
DA:70,3
DA:71,2
DA:73,1
DA:82,1
DA:89,2
DA:94,3
DA:103,3
DA:123,3
DA:128,0
DA:133,2
DA:134,2
DA:135,2
DA:136,2
DA:156,2
DA:158,1
DA:160,0
DA:163,1
DA:165,0
DA:168,1
DA:173,1
DA:178,3
DA:179,3
DA:180,3
DA:182,3
DA:184,2
DA:188,2
DA:190,1
DA:200,1
DA:207,2
DA:212,3
LF:52
LH:48
BRDA:9,0,0,1
BRDA:9,0,1,9
BRDA:10,1,0,1
BRDA:10,1,1,8
BRDA:11,2,0,1
BRDA:11,2,1,7
BRDA:12,3,0,1
BRDA:12,3,1,6
BRDA:13,4,0,1
BRDA:13,4,1,5
BRDA:14,5,0,1
BRDA:14,5,1,4
BRDA:15,6,0,1
BRDA:15,6,1,3
BRDA:70,7,0,1
BRDA:70,7,1,2
BRDA:71,8,0,1
BRDA:71,8,1,1
BRDA:156,9,0,1
BRDA:156,9,1,1
BRDA:182,10,0,1
BRDA:182,10,1,2
BRDA:188,11,0,1
BRDA:188,11,1,1
BRF:24
BRH:24
end_of_record
TN:
SF:controllers\order.js
FN:13,(anonymous_0)
FN:121,(anonymous_1)
FN:138,(anonymous_2)
FN:165,(anonymous_3)
FN:187,(anonymous_4)
FNF:5
FNH:5
FNDA:8,(anonymous_0)
FNDA:1,(anonymous_1)
FNDA:1,(anonymous_2)
FNDA:2,(anonymous_3)
FNDA:3,(anonymous_4)
DA:1,3
DA:2,3
DA:3,3
DA:4,3
DA:5,3
DA:6,3
DA:7,3
DA:8,3
DA:9,3
DA:14,8
DA:15,8
DA:17,8
DA:19,8
DA:20,7
DA:21,6
DA:22,5
DA:23,4
DA:24,3
DA:25,2
DA:27,1
DA:33,1
DA:53,1
DA:55,1
DA:63,1
DA:65,1
DA:73,1
DA:80,1
DA:97,1
DA:99,1
DA:106,1
DA:108,1
DA:116,7
DA:117,7
DA:122,1
DA:123,1
DA:130,1
DA:131,1
DA:132,1
DA:134,0
DA:139,1
DA:140,1
DA:141,1
DA:156,1
DA:161,0
DA:166,2
DA:167,2
DA:168,2
DA:169,2
DA:176,2
DA:178,1
DA:183,1
DA:188,3
DA:189,3
DA:190,3
DA:191,3
DA:193,3
DA:195,2
DA:202,2
DA:204,1
DA:210,1
DA:217,2
DA:222,3
LF:62
LH:60
BRDA:3,0,0,3
BRDA:3,0,1,0
BRDA:4,1,0,3
BRDA:4,1,1,0
BRDA:19,2,0,1
BRDA:19,2,1,7
BRDA:20,3,0,1
BRDA:20,3,1,6
BRDA:21,4,0,1
BRDA:21,4,1,5
BRDA:22,5,0,1
BRDA:22,5,1,4
BRDA:23,6,0,1
BRDA:23,6,1,3
BRDA:24,7,0,1
BRDA:24,7,1,2
BRDA:25,8,0,1
BRDA:25,8,1,1
BRDA:58,9,0,1
BRDA:58,9,1,0
BRDA:59,10,0,1
BRDA:59,10,1,0
BRDA:176,11,0,1
BRDA:176,11,1,1
BRDA:193,12,0,1
BRDA:193,12,1,2
BRDA:202,13,0,1
BRDA:202,13,1,1
BRF:28
BRH:24
end_of_record
TN:
SF:controllers\user.js
FN:7,(anonymous_0)
FN:17,(anonymous_1)
FN:19,(anonymous_2)
FN:23,(anonymous_3)
FN:47,(anonymous_4)
FN:68,(anonymous_5)
FN:91,(anonymous_6)
FN:123,(anonymous_7)
FN:154,(anonymous_8)
FN:185,(anonymous_9)
FN:224,(anonymous_10)
FNF:11
FNH:11
FNDA:4,(anonymous_0)
FNDA:4,(anonymous_1)
FNDA:36,(anonymous_2)
FNDA:1,(anonymous_3)
FNDA:1,(anonymous_4)
FNDA:1,(anonymous_5)
FNDA:2,(anonymous_6)
FNDA:2,(anonymous_7)
FNDA:7,(anonymous_8)
FNDA:12,(anonymous_9)
FNDA:8,(anonymous_10)
DA:1,3
DA:2,3
DA:3,3
DA:4,3
DA:8,4
DA:9,4
DA:10,4
DA:11,4
DA:12,0
DA:14,4
DA:18,4
DA:19,36
DA:24,1
DA:25,1
DA:26,1
DA:32,1
DA:34,1
DA:38,1
DA:43,0
DA:48,1
DA:49,1
DA:50,1
DA:59,1
DA:64,0
DA:69,1
DA:70,1
DA:71,1
DA:80,1
DA:82,1
DA:87,0
DA:92,2
DA:93,2
DA:94,2
DA:96,2
DA:103,2
DA:105,1
DA:112,1
DA:119,1
DA:124,2
DA:125,2
DA:126,2
DA:128,2
DA:135,2
DA:137,1
DA:143,1
DA:150,1
DA:155,7
DA:156,7
DA:158,7
DA:159,6
DA:160,6
DA:161,5
DA:163,4
DA:169,4
DA:170,3
DA:171,3
DA:175,3
DA:181,4
DA:186,12
DA:187,12
DA:189,12
DA:190,10
DA:191,10
DA:192,9
DA:193,8
DA:194,7
DA:195,6
DA:196,5
DA:198,4
DA:204,4
DA:206,3
DA:207,3
DA:213,3
DA:220,9
DA:225,8
DA:226,8
DA:227,8
DA:229,8
DA:230,7
DA:231,7
DA:232,6
DA:233,5
DA:234,4
DA:235,3
DA:236,2
DA:238,1
DA:242,1
DA:244,1
DA:250,1
DA:252,1
DA:259,1
DA:266,7
DA:271,3
LF:93
LH:89
BRDA:4,0,0,3
BRDA:4,0,1,3
BRDA:11,1,0,0
BRDA:11,1,1,4
BRDA:11,2,0,4
BRDA:11,2,1,4
BRDA:11,2,2,0
BRDA:32,3,0,0
BRDA:32,3,1,1
BRDA:80,4,0,0
BRDA:80,4,1,1
BRDA:103,5,0,1
BRDA:103,5,1,1
BRDA:135,6,0,1
BRDA:135,6,1,1
BRDA:158,7,0,1
BRDA:158,7,1,6
BRDA:160,8,0,1
BRDA:160,8,1,5
BRDA:161,9,0,1
BRDA:161,9,1,4
BRDA:169,10,0,1
BRDA:169,10,1,3
BRDA:170,11,0,0
BRDA:170,11,1,3
BRDA:189,12,0,2
BRDA:189,12,1,10
BRDA:191,13,0,1
BRDA:191,13,1,9
BRDA:192,14,0,1
BRDA:192,14,1,8
BRDA:193,15,0,1
BRDA:193,15,1,7
BRDA:194,16,0,1
BRDA:194,16,1,6
BRDA:195,17,0,1
BRDA:195,17,1,5
BRDA:196,18,0,1
BRDA:196,18,1,4
BRDA:204,19,0,1
BRDA:204,19,1,3
BRDA:229,20,0,1
BRDA:229,20,1,7
BRDA:231,21,0,1
BRDA:231,21,1,6
BRDA:232,22,0,1
BRDA:232,22,1,5
BRDA:233,23,0,1
BRDA:233,23,1,4
BRDA:234,24,0,1
BRDA:234,24,1,3
BRDA:235,25,0,1
BRDA:235,25,1,2
BRDA:236,26,0,1
BRDA:236,26,1,1
BRDA:242,27,0,0
BRDA:242,27,1,1
BRDA:242,28,0,1
BRDA:242,28,1,1
BRDA:250,29,0,0
BRDA:250,29,1,1
BRF:61
BRH:54
end_of_record
TN:
SF:middlewares\authentication.js
FN:5,authentication
FNF:1
FNH:1
FNDA:67,authentication
DA:1,3
DA:2,3
DA:3,3
DA:6,67
DA:7,67
DA:8,67
DA:10,51
DA:12,51
DA:14,51
DA:16,51
DA:21,51
DA:23,16
DA:27,3
LF:13
LH:13
BRDA:3,0,0,3
BRDA:3,0,1,3
BRDA:8,1,0,16
BRDA:8,1,1,51
BRDA:14,2,0,0
BRDA:14,2,1,51
BRF:6
BRH:5
end_of_record
TN:
SF:middlewares\errorHandling.js
FN:1,(anonymous_0)
FNF:1
FNH:1
FNDA:60,(anonymous_0)
DA:1,3
DA:2,60
DA:3,60
DA:4,60
DA:5,60
DA:7,1
DA:8,1
DA:9,1
DA:11,1
DA:12,1
DA:13,1
DA:15,1
DA:16,1
DA:17,1
DA:19,1
DA:20,1
DA:21,1
DA:23,2
DA:24,2
DA:25,2
DA:27,1
DA:28,1
DA:29,1
DA:31,1
DA:32,1
DA:33,1
DA:35,1
DA:36,1
DA:37,1
DA:39,1
DA:40,1
DA:41,1
DA:43,1
DA:44,1
DA:45,1
DA:47,1
DA:48,1
DA:49,1
DA:51,1
DA:52,1
DA:53,1
DA:55,1
DA:56,1
DA:57,1
DA:59,1
DA:60,1
DA:61,1
DA:63,1
DA:64,1
DA:65,1
DA:67,1
DA:68,1
DA:69,1
DA:71,1
DA:72,1
DA:73,1
DA:75,1
DA:76,1
DA:77,1
DA:79,1
DA:80,1
DA:81,1
DA:83,0
DA:84,0
DA:85,0
DA:87,1
DA:88,1
DA:89,1
DA:91,1
DA:92,1
DA:93,1
DA:95,1
DA:96,1
DA:97,1
DA:99,1
DA:100,1
DA:101,1
DA:103,1
DA:104,1
DA:105,1
DA:107,1
DA:108,1
DA:109,1
DA:111,1
DA:112,1
DA:113,1
DA:115,1
DA:116,1
DA:117,1
DA:119,1
DA:120,1
DA:121,1
DA:123,1
DA:124,1
DA:125,1
DA:127,1
DA:128,1
DA:129,1
DA:131,1
DA:132,1
DA:133,1
DA:135,1
DA:136,1
DA:137,1
DA:139,1
DA:140,1
DA:141,1
DA:143,1
DA:144,1
DA:145,1
DA:147,1
DA:148,1
DA:149,1
DA:151,1
DA:152,1
DA:153,1
DA:155,1
DA:156,1
DA:157,1
DA:159,1
DA:160,1
DA:161,1
DA:163,16
DA:164,16
DA:165,16
DA:167,5
DA:168,5
DA:169,5
DA:171,0
DA:172,0
DA:173,0
DA:175,60
DA:181,3
LF:133
LH:127
BRDA:5,0,0,1
BRDA:5,0,1,1
BRDA:5,0,2,1
BRDA:5,0,3,1
BRDA:5,0,4,2
BRDA:5,0,5,1
BRDA:5,0,6,1
BRDA:5,0,7,1
BRDA:5,0,8,1
BRDA:5,0,9,1
BRDA:5,0,10,1
BRDA:5,0,11,1
BRDA:5,0,12,1
BRDA:5,0,13,1
BRDA:5,0,14,1
BRDA:5,0,15,1
BRDA:5,0,16,1
BRDA:5,0,17,1
BRDA:5,0,18,1
BRDA:5,0,19,0
BRDA:5,0,20,1
BRDA:5,0,21,1
BRDA:5,0,22,1
BRDA:5,0,23,1
BRDA:5,0,24,1
BRDA:5,0,25,1
BRDA:5,0,26,1
BRDA:5,0,27,1
BRDA:5,0,28,1
BRDA:5,0,29,1
BRDA:5,0,30,1
BRDA:5,0,31,1
BRDA:5,0,32,1
BRDA:5,0,33,1
BRDA:5,0,34,1
BRDA:5,0,35,1
BRDA:5,0,36,1
BRDA:5,0,37,1
BRDA:5,0,38,1
BRDA:5,0,39,16
BRDA:5,0,40,5
BRDA:5,0,41,0
BRF:42
BRH:40
end_of_record
TN:
SF:models\hotel.js
FN:4,(anonymous_0)
FN:13,(anonymous_1)
FN:22,(anonymous_2)
FN:31,(anonymous_3)
FN:40,(anonymous_4)
FN:49,(anonymous_5)
FN:58,(anonymous_6)
FN:67,(anonymous_7)
FNF:8
FNH:8
FNDA:3,(anonymous_0)
FNDA:1,(anonymous_1)
FNDA:1,(anonymous_2)
FNDA:1,(anonymous_3)
FNDA:4,(anonymous_4)
FNDA:3,(anonymous_5)
FNDA:1,(anonymous_6)
FNDA:3,(anonymous_7)
DA:1,3
DA:5,3
DA:6,3
DA:7,3
DA:9,0
DA:14,1
DA:15,1
DA:16,1
DA:18,0
DA:23,1
DA:24,1
DA:25,1
DA:27,0
DA:32,1
DA:33,1
DA:34,1
DA:36,0
DA:41,4
DA:42,4
DA:43,4
DA:45,0
DA:50,3
DA:51,3
DA:52,3
DA:54,0
DA:59,1
DA:60,1
DA:61,1
DA:63,0
DA:68,3
DA:69,3
DA:70,3
DA:72,0
DA:77,3
LF:34
LH:26
BRDA:4,0,0,0
BRDA:13,1,0,0
BRDA:22,2,0,0
BRDA:31,3,0,0
BRDA:40,4,0,0
BRDA:49,5,0,0
BRDA:58,6,0,0
BRDA:67,7,0,0
BRF:8
BRH:0
end_of_record
TN:
SF:models\order.js
FN:4,(anonymous_0)
FN:13,(anonymous_1)
FN:22,(anonymous_2)
FN:31,(anonymous_3)
FN:40,(anonymous_4)
FNF:5
FNH:5
FNDA:1,(anonymous_0)
FNDA:5,(anonymous_1)
FNDA:1,(anonymous_2)
FNDA:1,(anonymous_3)
FNDA:1,(anonymous_4)
DA:1,3
DA:5,1
DA:6,1
DA:7,1
DA:9,0
DA:14,5
DA:15,5
DA:16,5
DA:18,0
DA:23,1
DA:24,1
DA:25,1
DA:27,0
DA:32,1
DA:33,1
DA:34,1
DA:36,0
DA:41,1
DA:42,1
DA:43,1
DA:45,0
DA:50,3
LF:22
LH:17
BRDA:4,0,0,0
BRDA:13,1,0,0
BRDA:22,2,0,0
BRDA:31,3,0,0
BRDA:40,4,0,0
BRF:5
BRH:0
end_of_record
TN:
SF:models\user.js
FN:4,(anonymous_0)
FN:13,(anonymous_1)
FN:22,(anonymous_2)
FN:31,(anonymous_3)
FN:40,(anonymous_4)
FN:49,(anonymous_5)
FN:58,(anonymous_6)
FN:67,(anonymous_7)
FN:76,(anonymous_8)
FNF:9
FNH:9
FNDA:1,(anonymous_0)
FNDA:5,(anonymous_1)
FNDA:1,(anonymous_2)
FNDA:1,(anonymous_3)
FNDA:1,(anonymous_4)
FNDA:62,(anonymous_5)
FNDA:3,(anonymous_6)
FNDA:1,(anonymous_7)
FNDA:3,(anonymous_8)
DA:1,3
DA:5,1
DA:6,1
DA:7,1
DA:9,0
DA:14,5
DA:15,5
DA:16,5
DA:18,0
DA:23,1
DA:24,1
DA:25,1
DA:27,0
DA:32,1
DA:33,1
DA:34,1
DA:36,0
DA:41,1
DA:42,1
DA:43,1
DA:45,0
DA:50,62
DA:51,62
DA:52,62
DA:54,0
DA:59,3
DA:60,3
DA:61,3
DA:63,0
DA:68,1
DA:69,1
DA:70,1
DA:72,0
DA:77,3
DA:78,3
DA:79,3
DA:81,0
DA:86,3
LF:38
LH:29
BRDA:4,0,0,0
BRDA:13,1,0,0
BRDA:22,2,0,0
BRDA:31,3,0,0
BRDA:40,4,0,0
BRDA:49,5,0,0
BRDA:58,6,0,0
BRDA:67,7,0,0
BRDA:76,8,0,0
BRF:9
BRH:0
end_of_record
TN:
SF:routes\hotel.js
FNF:0
FNH:0
DA:1,3
DA:2,3
DA:3,3
DA:4,3
DA:6,3
DA:7,3
DA:8,3
DA:9,3
DA:10,3
DA:11,3
DA:13,3
LF:11
LH:11
BRF:0
BRH:0
end_of_record
TN:
SF:routes\index.js
FNF:0
FNH:0
DA:1,3
DA:2,3
DA:3,3
DA:4,3
DA:5,3
DA:7,3
DA:8,3
DA:9,3
DA:11,3
LF:9
LH:9
BRF:0
BRH:0
end_of_record
TN:
SF:routes\order.js
FNF:0
FNH:0
DA:1,3
DA:2,3
DA:3,3
DA:4,3
DA:6,3
DA:7,3
DA:8,3
DA:9,3
DA:11,3
LF:9
LH:9
BRF:0
BRH:0
end_of_record
TN:
SF:routes\user.js
FNF:0
FNH:0
DA:1,3
DA:2,3
DA:3,3
DA:4,3
DA:6,3
DA:7,3
DA:8,3
DA:9,3
DA:10,3
DA:11,3
DA:12,3
DA:13,3
DA:15,3
LF:13
LH:13
BRF:0
BRH:0
end_of_record
